2026-01-01 15:24:04 [INFO] __main__ [process_health_2019.py:389]: Starting health data processing for 2019-2020
2026-01-01 15:24:04 [ERROR] __main__ [process_health_2019.py:395]: Health data directory not found: data\raw\health_2019_20
2026-01-01 15:24:04 [INFO] __main__ [process_health_2019.py:396]: Please ensure the .xls files are in data/raw/health_2019_20/
2026-01-01 15:26:36 [INFO] __main__ [process_health_2019.py:389]: Starting health data processing for 2019-2020
2026-01-01 15:26:36 [INFO] __main__ [process_health_2019.py:399]: Using data directory: data\raw\health_2019_20
2026-01-01 15:26:36 [INFO] __main__ [process_health_2019.py:345]: Starting to process health data files from: data\raw\health_2019_20
2026-01-01 15:26:36 [INFO] __main__ [process_health_2019.py:354]: Found 39 .xls files
2026-01-01 15:26:36 [INFO] __main__ [process_health_2019.py:203]: Processing file: A & N Islands.xls
2026-01-01 15:26:36 [WARNING] __main__ [process_health_2019.py:81]: Could not find header row with both 'District' and 'Diarrhoea' in A & N Islands.xls
2026-01-01 15:26:36 [WARNING] __main__ [process_health_2019.py:209]: Could not find header row in A & N Islands.xls, trying default (row 0)
2026-01-01 15:26:36 [ERROR] __main__ [process_health_2019.py:188]: Failed to read A & N Islands.xls with all methods: Unsupported format, or corrupt file: Expected BOF record; found b'<html xm'
2026-01-01 15:26:36 [ERROR] __main__ [process_health_2019.py:216]: Could not read data from A & N Islands.xls
2026-01-01 15:26:36 [WARNING] __main__ [process_health_2019.py:374]: Failed to process A & N Islands.xls
2026-01-01 15:26:36 [INFO] __main__ [process_health_2019.py:364]: Skipping All_India.xls (aggregate file)
2026-01-01 15:26:36 [INFO] __main__ [process_health_2019.py:203]: Processing file: Andhra Pradesh.xls
2026-01-01 15:26:36 [WARNING] __main__ [process_health_2019.py:81]: Could not find header row with both 'District' and 'Diarrhoea' in Andhra Pradesh.xls
2026-01-01 15:26:36 [WARNING] __main__ [process_health_2019.py:209]: Could not find header row in Andhra Pradesh.xls, trying default (row 0)
2026-01-01 15:26:36 [ERROR] __main__ [process_health_2019.py:188]: Failed to read Andhra Pradesh.xls with all methods: Unsupported format, or corrupt file: Expected BOF record; found b'<html xm'
2026-01-01 15:26:36 [ERROR] __main__ [process_health_2019.py:216]: Could not read data from Andhra Pradesh.xls
2026-01-01 15:26:36 [WARNING] __main__ [process_health_2019.py:374]: Failed to process Andhra Pradesh.xls
2026-01-01 15:26:36 [INFO] __main__ [process_health_2019.py:203]: Processing file: Arunachal Pradesh.xls
2026-01-01 15:26:36 [WARNING] __main__ [process_health_2019.py:81]: Could not find header row with both 'District' and 'Diarrhoea' in Arunachal Pradesh.xls
2026-01-01 15:26:36 [WARNING] __main__ [process_health_2019.py:209]: Could not find header row in Arunachal Pradesh.xls, trying default (row 0)
2026-01-01 15:26:36 [ERROR] __main__ [process_health_2019.py:188]: Failed to read Arunachal Pradesh.xls with all methods: Unsupported format, or corrupt file: Expected BOF record; found b'<html xm'
2026-01-01 15:26:36 [ERROR] __main__ [process_health_2019.py:216]: Could not read data from Arunachal Pradesh.xls
2026-01-01 15:26:36 [WARNING] __main__ [process_health_2019.py:374]: Failed to process Arunachal Pradesh.xls
2026-01-01 15:26:36 [INFO] __main__ [process_health_2019.py:203]: Processing file: Assam.xls
2026-01-01 15:26:36 [WARNING] __main__ [process_health_2019.py:81]: Could not find header row with both 'District' and 'Diarrhoea' in Assam.xls
2026-01-01 15:26:36 [WARNING] __main__ [process_health_2019.py:209]: Could not find header row in Assam.xls, trying default (row 0)
2026-01-01 15:26:36 [ERROR] __main__ [process_health_2019.py:188]: Failed to read Assam.xls with all methods: Unsupported format, or corrupt file: Expected BOF record; found b'<html xm'
2026-01-01 15:26:36 [ERROR] __main__ [process_health_2019.py:216]: Could not read data from Assam.xls
2026-01-01 15:26:36 [WARNING] __main__ [process_health_2019.py:374]: Failed to process Assam.xls
2026-01-01 15:26:36 [INFO] __main__ [process_health_2019.py:203]: Processing file: Bihar.xls
2026-01-01 15:26:36 [WARNING] __main__ [process_health_2019.py:81]: Could not find header row with both 'District' and 'Diarrhoea' in Bihar.xls
2026-01-01 15:26:36 [WARNING] __main__ [process_health_2019.py:209]: Could not find header row in Bihar.xls, trying default (row 0)
2026-01-01 15:26:36 [ERROR] __main__ [process_health_2019.py:188]: Failed to read Bihar.xls with all methods: Unsupported format, or corrupt file: Expected BOF record; found b'<html xm'
2026-01-01 15:26:37 [ERROR] __main__ [process_health_2019.py:216]: Could not read data from Bihar.xls
2026-01-01 15:26:37 [WARNING] __main__ [process_health_2019.py:374]: Failed to process Bihar.xls
2026-01-01 15:26:37 [INFO] __main__ [process_health_2019.py:203]: Processing file: Chandigarh.xls
2026-01-01 15:26:37 [WARNING] __main__ [process_health_2019.py:81]: Could not find header row with both 'District' and 'Diarrhoea' in Chandigarh.xls
2026-01-01 15:26:37 [WARNING] __main__ [process_health_2019.py:209]: Could not find header row in Chandigarh.xls, trying default (row 0)
2026-01-01 15:26:37 [ERROR] __main__ [process_health_2019.py:188]: Failed to read Chandigarh.xls with all methods: Unsupported format, or corrupt file: Expected BOF record; found b'<html xm'
2026-01-01 15:26:37 [ERROR] __main__ [process_health_2019.py:216]: Could not read data from Chandigarh.xls
2026-01-01 15:26:37 [WARNING] __main__ [process_health_2019.py:374]: Failed to process Chandigarh.xls
2026-01-01 15:26:37 [INFO] __main__ [process_health_2019.py:203]: Processing file: Chhattisgarh.xls
2026-01-01 15:26:37 [WARNING] __main__ [process_health_2019.py:81]: Could not find header row with both 'District' and 'Diarrhoea' in Chhattisgarh.xls
2026-01-01 15:26:37 [WARNING] __main__ [process_health_2019.py:209]: Could not find header row in Chhattisgarh.xls, trying default (row 0)
2026-01-01 15:26:37 [ERROR] __main__ [process_health_2019.py:188]: Failed to read Chhattisgarh.xls with all methods: Unsupported format, or corrupt file: Expected BOF record; found b'<html xm'
2026-01-01 15:26:37 [ERROR] __main__ [process_health_2019.py:216]: Could not read data from Chhattisgarh.xls
2026-01-01 15:26:37 [WARNING] __main__ [process_health_2019.py:374]: Failed to process Chhattisgarh.xls
2026-01-01 15:26:37 [INFO] __main__ [process_health_2019.py:203]: Processing file: Dadra & Nagar Haveli.xls
2026-01-01 15:26:37 [WARNING] __main__ [process_health_2019.py:81]: Could not find header row with both 'District' and 'Diarrhoea' in Dadra & Nagar Haveli.xls
2026-01-01 15:26:37 [WARNING] __main__ [process_health_2019.py:209]: Could not find header row in Dadra & Nagar Haveli.xls, trying default (row 0)
2026-01-01 15:26:37 [ERROR] __main__ [process_health_2019.py:188]: Failed to read Dadra & Nagar Haveli.xls with all methods: Unsupported format, or corrupt file: Expected BOF record; found b'<html xm'
2026-01-01 15:26:37 [ERROR] __main__ [process_health_2019.py:216]: Could not read data from Dadra & Nagar Haveli.xls
2026-01-01 15:26:37 [WARNING] __main__ [process_health_2019.py:374]: Failed to process Dadra & Nagar Haveli.xls
2026-01-01 15:26:37 [INFO] __main__ [process_health_2019.py:203]: Processing file: Daman & Diu.xls
2026-01-01 15:26:37 [WARNING] __main__ [process_health_2019.py:81]: Could not find header row with both 'District' and 'Diarrhoea' in Daman & Diu.xls
2026-01-01 15:26:37 [WARNING] __main__ [process_health_2019.py:209]: Could not find header row in Daman & Diu.xls, trying default (row 0)
2026-01-01 15:26:37 [ERROR] __main__ [process_health_2019.py:188]: Failed to read Daman & Diu.xls with all methods: Unsupported format, or corrupt file: Expected BOF record; found b'<html xm'
2026-01-01 15:26:37 [ERROR] __main__ [process_health_2019.py:216]: Could not read data from Daman & Diu.xls
2026-01-01 15:26:37 [WARNING] __main__ [process_health_2019.py:374]: Failed to process Daman & Diu.xls
2026-01-01 15:26:37 [INFO] __main__ [process_health_2019.py:203]: Processing file: Delhi.xls
2026-01-01 15:26:37 [WARNING] __main__ [process_health_2019.py:81]: Could not find header row with both 'District' and 'Diarrhoea' in Delhi.xls
2026-01-01 15:26:37 [WARNING] __main__ [process_health_2019.py:209]: Could not find header row in Delhi.xls, trying default (row 0)
2026-01-01 15:26:37 [ERROR] __main__ [process_health_2019.py:188]: Failed to read Delhi.xls with all methods: Unsupported format, or corrupt file: Expected BOF record; found b'<html xm'
2026-01-01 15:26:37 [ERROR] __main__ [process_health_2019.py:216]: Could not read data from Delhi.xls
2026-01-01 15:26:37 [WARNING] __main__ [process_health_2019.py:374]: Failed to process Delhi.xls
2026-01-01 15:26:37 [INFO] __main__ [process_health_2019.py:203]: Processing file: Goa.xls
2026-01-01 15:26:37 [WARNING] __main__ [process_health_2019.py:81]: Could not find header row with both 'District' and 'Diarrhoea' in Goa.xls
2026-01-01 15:26:37 [WARNING] __main__ [process_health_2019.py:209]: Could not find header row in Goa.xls, trying default (row 0)
2026-01-01 15:26:37 [ERROR] __main__ [process_health_2019.py:188]: Failed to read Goa.xls with all methods: Unsupported format, or corrupt file: Expected BOF record; found b'<html xm'
2026-01-01 15:26:37 [ERROR] __main__ [process_health_2019.py:216]: Could not read data from Goa.xls
2026-01-01 15:26:37 [WARNING] __main__ [process_health_2019.py:374]: Failed to process Goa.xls
2026-01-01 15:26:37 [INFO] __main__ [process_health_2019.py:203]: Processing file: Gujarat.xls
2026-01-01 15:26:37 [WARNING] __main__ [process_health_2019.py:81]: Could not find header row with both 'District' and 'Diarrhoea' in Gujarat.xls
2026-01-01 15:26:37 [WARNING] __main__ [process_health_2019.py:209]: Could not find header row in Gujarat.xls, trying default (row 0)
2026-01-01 15:26:37 [ERROR] __main__ [process_health_2019.py:188]: Failed to read Gujarat.xls with all methods: Unsupported format, or corrupt file: Expected BOF record; found b'<html xm'
2026-01-01 15:26:37 [ERROR] __main__ [process_health_2019.py:216]: Could not read data from Gujarat.xls
2026-01-01 15:26:37 [WARNING] __main__ [process_health_2019.py:374]: Failed to process Gujarat.xls
2026-01-01 15:26:37 [INFO] __main__ [process_health_2019.py:203]: Processing file: Haryana.xls
2026-01-01 15:26:37 [WARNING] __main__ [process_health_2019.py:81]: Could not find header row with both 'District' and 'Diarrhoea' in Haryana.xls
2026-01-01 15:26:37 [WARNING] __main__ [process_health_2019.py:209]: Could not find header row in Haryana.xls, trying default (row 0)
2026-01-01 15:26:37 [ERROR] __main__ [process_health_2019.py:188]: Failed to read Haryana.xls with all methods: Unsupported format, or corrupt file: Expected BOF record; found b'<html xm'
2026-01-01 15:26:37 [ERROR] __main__ [process_health_2019.py:216]: Could not read data from Haryana.xls
2026-01-01 15:26:37 [WARNING] __main__ [process_health_2019.py:374]: Failed to process Haryana.xls
2026-01-01 15:26:37 [INFO] __main__ [process_health_2019.py:203]: Processing file: Himachal Pradesh.xls
2026-01-01 15:26:37 [WARNING] __main__ [process_health_2019.py:81]: Could not find header row with both 'District' and 'Diarrhoea' in Himachal Pradesh.xls
2026-01-01 15:26:37 [WARNING] __main__ [process_health_2019.py:209]: Could not find header row in Himachal Pradesh.xls, trying default (row 0)
2026-01-01 15:26:37 [ERROR] __main__ [process_health_2019.py:188]: Failed to read Himachal Pradesh.xls with all methods: Unsupported format, or corrupt file: Expected BOF record; found b'<html xm'
2026-01-01 15:26:37 [ERROR] __main__ [process_health_2019.py:216]: Could not read data from Himachal Pradesh.xls
2026-01-01 15:26:37 [WARNING] __main__ [process_health_2019.py:374]: Failed to process Himachal Pradesh.xls
2026-01-01 15:26:37 [INFO] __main__ [process_health_2019.py:203]: Processing file: Jammu & Kashmir.xls
2026-01-01 15:26:37 [WARNING] __main__ [process_health_2019.py:81]: Could not find header row with both 'District' and 'Diarrhoea' in Jammu & Kashmir.xls
2026-01-01 15:26:37 [WARNING] __main__ [process_health_2019.py:209]: Could not find header row in Jammu & Kashmir.xls, trying default (row 0)
2026-01-01 15:26:37 [ERROR] __main__ [process_health_2019.py:188]: Failed to read Jammu & Kashmir.xls with all methods: Unsupported format, or corrupt file: Expected BOF record; found b'<html xm'
2026-01-01 15:26:37 [ERROR] __main__ [process_health_2019.py:216]: Could not read data from Jammu & Kashmir.xls
2026-01-01 15:26:37 [WARNING] __main__ [process_health_2019.py:374]: Failed to process Jammu & Kashmir.xls
2026-01-01 15:26:37 [INFO] __main__ [process_health_2019.py:203]: Processing file: Jharkhand.xls
2026-01-01 15:26:37 [WARNING] __main__ [process_health_2019.py:81]: Could not find header row with both 'District' and 'Diarrhoea' in Jharkhand.xls
2026-01-01 15:26:37 [WARNING] __main__ [process_health_2019.py:209]: Could not find header row in Jharkhand.xls, trying default (row 0)
2026-01-01 15:26:37 [ERROR] __main__ [process_health_2019.py:188]: Failed to read Jharkhand.xls with all methods: Unsupported format, or corrupt file: Expected BOF record; found b'<html xm'
2026-01-01 15:26:37 [ERROR] __main__ [process_health_2019.py:216]: Could not read data from Jharkhand.xls
2026-01-01 15:26:37 [WARNING] __main__ [process_health_2019.py:374]: Failed to process Jharkhand.xls
2026-01-01 15:26:37 [INFO] __main__ [process_health_2019.py:203]: Processing file: Karnataka.xls
2026-01-01 15:26:37 [WARNING] __main__ [process_health_2019.py:81]: Could not find header row with both 'District' and 'Diarrhoea' in Karnataka.xls
2026-01-01 15:26:37 [WARNING] __main__ [process_health_2019.py:209]: Could not find header row in Karnataka.xls, trying default (row 0)
2026-01-01 15:26:37 [ERROR] __main__ [process_health_2019.py:188]: Failed to read Karnataka.xls with all methods: Unsupported format, or corrupt file: Expected BOF record; found b'<html xm'
2026-01-01 15:26:37 [ERROR] __main__ [process_health_2019.py:216]: Could not read data from Karnataka.xls
2026-01-01 15:26:37 [WARNING] __main__ [process_health_2019.py:374]: Failed to process Karnataka.xls
2026-01-01 15:26:37 [INFO] __main__ [process_health_2019.py:203]: Processing file: Kerala.xls
2026-01-01 15:26:37 [WARNING] __main__ [process_health_2019.py:81]: Could not find header row with both 'District' and 'Diarrhoea' in Kerala.xls
2026-01-01 15:26:37 [WARNING] __main__ [process_health_2019.py:209]: Could not find header row in Kerala.xls, trying default (row 0)
2026-01-01 15:26:37 [ERROR] __main__ [process_health_2019.py:188]: Failed to read Kerala.xls with all methods: Unsupported format, or corrupt file: Expected BOF record; found b'<html xm'
2026-01-01 15:26:37 [ERROR] __main__ [process_health_2019.py:216]: Could not read data from Kerala.xls
2026-01-01 15:26:37 [WARNING] __main__ [process_health_2019.py:374]: Failed to process Kerala.xls
2026-01-01 15:26:37 [INFO] __main__ [process_health_2019.py:203]: Processing file: Lakshadweep.xls
2026-01-01 15:26:37 [WARNING] __main__ [process_health_2019.py:81]: Could not find header row with both 'District' and 'Diarrhoea' in Lakshadweep.xls
2026-01-01 15:26:37 [WARNING] __main__ [process_health_2019.py:209]: Could not find header row in Lakshadweep.xls, trying default (row 0)
2026-01-01 15:26:37 [ERROR] __main__ [process_health_2019.py:188]: Failed to read Lakshadweep.xls with all methods: Unsupported format, or corrupt file: Expected BOF record; found b'<html xm'
2026-01-01 15:26:37 [ERROR] __main__ [process_health_2019.py:216]: Could not read data from Lakshadweep.xls
2026-01-01 15:26:37 [WARNING] __main__ [process_health_2019.py:374]: Failed to process Lakshadweep.xls
2026-01-01 15:26:37 [INFO] __main__ [process_health_2019.py:203]: Processing file: M O Defence.xls
2026-01-01 15:26:37 [WARNING] __main__ [process_health_2019.py:81]: Could not find header row with both 'District' and 'Diarrhoea' in M O Defence.xls
2026-01-01 15:26:37 [WARNING] __main__ [process_health_2019.py:209]: Could not find header row in M O Defence.xls, trying default (row 0)
2026-01-01 15:26:37 [ERROR] __main__ [process_health_2019.py:188]: Failed to read M O Defence.xls with all methods: Unsupported format, or corrupt file: Expected BOF record; found b'<html xm'
2026-01-01 15:26:37 [ERROR] __main__ [process_health_2019.py:216]: Could not read data from M O Defence.xls
2026-01-01 15:26:37 [WARNING] __main__ [process_health_2019.py:374]: Failed to process M O Defence.xls
2026-01-01 15:26:37 [INFO] __main__ [process_health_2019.py:203]: Processing file: M O Railways.xls
2026-01-01 15:26:37 [WARNING] __main__ [process_health_2019.py:81]: Could not find header row with both 'District' and 'Diarrhoea' in M O Railways.xls
2026-01-01 15:26:37 [WARNING] __main__ [process_health_2019.py:209]: Could not find header row in M O Railways.xls, trying default (row 0)
2026-01-01 15:26:37 [ERROR] __main__ [process_health_2019.py:188]: Failed to read M O Railways.xls with all methods: Unsupported format, or corrupt file: Expected BOF record; found b'<html xm'
2026-01-01 15:26:37 [ERROR] __main__ [process_health_2019.py:216]: Could not read data from M O Railways.xls
2026-01-01 15:26:37 [WARNING] __main__ [process_health_2019.py:374]: Failed to process M O Railways.xls
2026-01-01 15:26:37 [INFO] __main__ [process_health_2019.py:203]: Processing file: Madhya Pradesh.xls
2026-01-01 15:26:37 [WARNING] __main__ [process_health_2019.py:81]: Could not find header row with both 'District' and 'Diarrhoea' in Madhya Pradesh.xls
2026-01-01 15:26:37 [WARNING] __main__ [process_health_2019.py:209]: Could not find header row in Madhya Pradesh.xls, trying default (row 0)
2026-01-01 15:26:37 [ERROR] __main__ [process_health_2019.py:188]: Failed to read Madhya Pradesh.xls with all methods: Unsupported format, or corrupt file: Expected BOF record; found b'<html xm'
2026-01-01 15:26:37 [ERROR] __main__ [process_health_2019.py:216]: Could not read data from Madhya Pradesh.xls
2026-01-01 15:26:37 [WARNING] __main__ [process_health_2019.py:374]: Failed to process Madhya Pradesh.xls
2026-01-01 15:26:37 [INFO] __main__ [process_health_2019.py:203]: Processing file: Maharashtra.xls
2026-01-01 15:26:37 [WARNING] __main__ [process_health_2019.py:81]: Could not find header row with both 'District' and 'Diarrhoea' in Maharashtra.xls
2026-01-01 15:26:37 [WARNING] __main__ [process_health_2019.py:209]: Could not find header row in Maharashtra.xls, trying default (row 0)
2026-01-01 15:26:38 [ERROR] __main__ [process_health_2019.py:188]: Failed to read Maharashtra.xls with all methods: Unsupported format, or corrupt file: Expected BOF record; found b'<html xm'
2026-01-01 15:26:38 [ERROR] __main__ [process_health_2019.py:216]: Could not read data from Maharashtra.xls
2026-01-01 15:26:38 [WARNING] __main__ [process_health_2019.py:374]: Failed to process Maharashtra.xls
2026-01-01 15:26:38 [INFO] __main__ [process_health_2019.py:203]: Processing file: Manipur.xls
2026-01-01 15:26:38 [WARNING] __main__ [process_health_2019.py:81]: Could not find header row with both 'District' and 'Diarrhoea' in Manipur.xls
2026-01-01 15:26:38 [WARNING] __main__ [process_health_2019.py:209]: Could not find header row in Manipur.xls, trying default (row 0)
2026-01-01 15:26:38 [ERROR] __main__ [process_health_2019.py:188]: Failed to read Manipur.xls with all methods: Unsupported format, or corrupt file: Expected BOF record; found b'<html xm'
2026-01-01 15:26:38 [ERROR] __main__ [process_health_2019.py:216]: Could not read data from Manipur.xls
2026-01-01 15:26:38 [WARNING] __main__ [process_health_2019.py:374]: Failed to process Manipur.xls
2026-01-01 15:26:38 [INFO] __main__ [process_health_2019.py:203]: Processing file: Meghalaya.xls
2026-01-01 15:26:38 [WARNING] __main__ [process_health_2019.py:81]: Could not find header row with both 'District' and 'Diarrhoea' in Meghalaya.xls
2026-01-01 15:26:38 [WARNING] __main__ [process_health_2019.py:209]: Could not find header row in Meghalaya.xls, trying default (row 0)
2026-01-01 15:26:38 [ERROR] __main__ [process_health_2019.py:188]: Failed to read Meghalaya.xls with all methods: Unsupported format, or corrupt file: Expected BOF record; found b'<html xm'
2026-01-01 15:26:38 [ERROR] __main__ [process_health_2019.py:216]: Could not read data from Meghalaya.xls
2026-01-01 15:26:38 [WARNING] __main__ [process_health_2019.py:374]: Failed to process Meghalaya.xls
2026-01-01 15:26:38 [INFO] __main__ [process_health_2019.py:203]: Processing file: Mizoram.xls
2026-01-01 15:26:38 [WARNING] __main__ [process_health_2019.py:81]: Could not find header row with both 'District' and 'Diarrhoea' in Mizoram.xls
2026-01-01 15:26:38 [WARNING] __main__ [process_health_2019.py:209]: Could not find header row in Mizoram.xls, trying default (row 0)
2026-01-01 15:26:38 [ERROR] __main__ [process_health_2019.py:188]: Failed to read Mizoram.xls with all methods: Unsupported format, or corrupt file: Expected BOF record; found b'<html xm'
2026-01-01 15:26:38 [ERROR] __main__ [process_health_2019.py:216]: Could not read data from Mizoram.xls
2026-01-01 15:26:38 [WARNING] __main__ [process_health_2019.py:374]: Failed to process Mizoram.xls
2026-01-01 15:26:38 [INFO] __main__ [process_health_2019.py:203]: Processing file: Nagaland.xls
2026-01-01 15:26:38 [WARNING] __main__ [process_health_2019.py:81]: Could not find header row with both 'District' and 'Diarrhoea' in Nagaland.xls
2026-01-01 15:26:38 [WARNING] __main__ [process_health_2019.py:209]: Could not find header row in Nagaland.xls, trying default (row 0)
2026-01-01 15:26:38 [ERROR] __main__ [process_health_2019.py:188]: Failed to read Nagaland.xls with all methods: Unsupported format, or corrupt file: Expected BOF record; found b'<html xm'
2026-01-01 15:26:38 [ERROR] __main__ [process_health_2019.py:216]: Could not read data from Nagaland.xls
2026-01-01 15:26:38 [WARNING] __main__ [process_health_2019.py:374]: Failed to process Nagaland.xls
2026-01-01 15:26:38 [INFO] __main__ [process_health_2019.py:203]: Processing file: Odisha.xls
2026-01-01 15:26:38 [WARNING] __main__ [process_health_2019.py:81]: Could not find header row with both 'District' and 'Diarrhoea' in Odisha.xls
2026-01-01 15:26:38 [WARNING] __main__ [process_health_2019.py:209]: Could not find header row in Odisha.xls, trying default (row 0)
2026-01-01 15:26:38 [ERROR] __main__ [process_health_2019.py:188]: Failed to read Odisha.xls with all methods: Unsupported format, or corrupt file: Expected BOF record; found b'<html xm'
2026-01-01 15:26:38 [ERROR] __main__ [process_health_2019.py:216]: Could not read data from Odisha.xls
2026-01-01 15:26:38 [WARNING] __main__ [process_health_2019.py:374]: Failed to process Odisha.xls
2026-01-01 15:26:38 [INFO] __main__ [process_health_2019.py:203]: Processing file: Puducherry.xls
2026-01-01 15:26:38 [WARNING] __main__ [process_health_2019.py:81]: Could not find header row with both 'District' and 'Diarrhoea' in Puducherry.xls
2026-01-01 15:26:38 [WARNING] __main__ [process_health_2019.py:209]: Could not find header row in Puducherry.xls, trying default (row 0)
2026-01-01 15:26:38 [ERROR] __main__ [process_health_2019.py:188]: Failed to read Puducherry.xls with all methods: Unsupported format, or corrupt file: Expected BOF record; found b'<html xm'
2026-01-01 15:26:38 [ERROR] __main__ [process_health_2019.py:216]: Could not read data from Puducherry.xls
2026-01-01 15:26:38 [WARNING] __main__ [process_health_2019.py:374]: Failed to process Puducherry.xls
2026-01-01 15:26:38 [INFO] __main__ [process_health_2019.py:203]: Processing file: Punjab.xls
2026-01-01 15:26:38 [WARNING] __main__ [process_health_2019.py:81]: Could not find header row with both 'District' and 'Diarrhoea' in Punjab.xls
2026-01-01 15:26:38 [WARNING] __main__ [process_health_2019.py:209]: Could not find header row in Punjab.xls, trying default (row 0)
2026-01-01 15:26:38 [ERROR] __main__ [process_health_2019.py:188]: Failed to read Punjab.xls with all methods: Unsupported format, or corrupt file: Expected BOF record; found b'<html xm'
2026-01-01 15:26:38 [ERROR] __main__ [process_health_2019.py:216]: Could not read data from Punjab.xls
2026-01-01 15:26:38 [WARNING] __main__ [process_health_2019.py:374]: Failed to process Punjab.xls
2026-01-01 15:26:38 [INFO] __main__ [process_health_2019.py:203]: Processing file: Rajasthan.xls
2026-01-01 15:26:38 [WARNING] __main__ [process_health_2019.py:81]: Could not find header row with both 'District' and 'Diarrhoea' in Rajasthan.xls
2026-01-01 15:26:38 [WARNING] __main__ [process_health_2019.py:209]: Could not find header row in Rajasthan.xls, trying default (row 0)
2026-01-01 15:26:38 [ERROR] __main__ [process_health_2019.py:188]: Failed to read Rajasthan.xls with all methods: Unsupported format, or corrupt file: Expected BOF record; found b'<html xm'
2026-01-01 15:26:38 [ERROR] __main__ [process_health_2019.py:216]: Could not read data from Rajasthan.xls
2026-01-01 15:26:38 [WARNING] __main__ [process_health_2019.py:374]: Failed to process Rajasthan.xls
2026-01-01 15:26:38 [INFO] __main__ [process_health_2019.py:203]: Processing file: Sikkim.xls
2026-01-01 15:26:38 [WARNING] __main__ [process_health_2019.py:81]: Could not find header row with both 'District' and 'Diarrhoea' in Sikkim.xls
2026-01-01 15:26:38 [WARNING] __main__ [process_health_2019.py:209]: Could not find header row in Sikkim.xls, trying default (row 0)
2026-01-01 15:26:38 [ERROR] __main__ [process_health_2019.py:188]: Failed to read Sikkim.xls with all methods: Unsupported format, or corrupt file: Expected BOF record; found b'<html xm'
2026-01-01 15:26:38 [ERROR] __main__ [process_health_2019.py:216]: Could not read data from Sikkim.xls
2026-01-01 15:26:38 [WARNING] __main__ [process_health_2019.py:374]: Failed to process Sikkim.xls
2026-01-01 15:26:38 [INFO] __main__ [process_health_2019.py:203]: Processing file: Tamil Nadu.xls
2026-01-01 15:26:38 [WARNING] __main__ [process_health_2019.py:81]: Could not find header row with both 'District' and 'Diarrhoea' in Tamil Nadu.xls
2026-01-01 15:26:38 [WARNING] __main__ [process_health_2019.py:209]: Could not find header row in Tamil Nadu.xls, trying default (row 0)
2026-01-01 15:26:38 [ERROR] __main__ [process_health_2019.py:188]: Failed to read Tamil Nadu.xls with all methods: Unsupported format, or corrupt file: Expected BOF record; found b'<html xm'
2026-01-01 15:26:38 [ERROR] __main__ [process_health_2019.py:216]: Could not read data from Tamil Nadu.xls
2026-01-01 15:26:38 [WARNING] __main__ [process_health_2019.py:374]: Failed to process Tamil Nadu.xls
2026-01-01 15:26:38 [INFO] __main__ [process_health_2019.py:203]: Processing file: Telangana.xls
2026-01-01 15:26:38 [WARNING] __main__ [process_health_2019.py:81]: Could not find header row with both 'District' and 'Diarrhoea' in Telangana.xls
2026-01-01 15:26:38 [WARNING] __main__ [process_health_2019.py:209]: Could not find header row in Telangana.xls, trying default (row 0)
2026-01-01 15:26:38 [ERROR] __main__ [process_health_2019.py:188]: Failed to read Telangana.xls with all methods: Unsupported format, or corrupt file: Expected BOF record; found b'<html xm'
2026-01-01 15:26:38 [ERROR] __main__ [process_health_2019.py:216]: Could not read data from Telangana.xls
2026-01-01 15:26:38 [WARNING] __main__ [process_health_2019.py:374]: Failed to process Telangana.xls
2026-01-01 15:26:38 [INFO] __main__ [process_health_2019.py:203]: Processing file: Tripura.xls
2026-01-01 15:26:38 [WARNING] __main__ [process_health_2019.py:81]: Could not find header row with both 'District' and 'Diarrhoea' in Tripura.xls
2026-01-01 15:26:38 [WARNING] __main__ [process_health_2019.py:209]: Could not find header row in Tripura.xls, trying default (row 0)
2026-01-01 15:26:38 [ERROR] __main__ [process_health_2019.py:188]: Failed to read Tripura.xls with all methods: Unsupported format, or corrupt file: Expected BOF record; found b'<html xm'
2026-01-01 15:26:38 [ERROR] __main__ [process_health_2019.py:216]: Could not read data from Tripura.xls
2026-01-01 15:26:38 [WARNING] __main__ [process_health_2019.py:374]: Failed to process Tripura.xls
2026-01-01 15:26:38 [INFO] __main__ [process_health_2019.py:203]: Processing file: Uttar Pradesh.xls
2026-01-01 15:26:38 [WARNING] __main__ [process_health_2019.py:81]: Could not find header row with both 'District' and 'Diarrhoea' in Uttar Pradesh.xls
2026-01-01 15:26:38 [WARNING] __main__ [process_health_2019.py:209]: Could not find header row in Uttar Pradesh.xls, trying default (row 0)
2026-01-01 15:26:38 [ERROR] __main__ [process_health_2019.py:188]: Failed to read Uttar Pradesh.xls with all methods: Unsupported format, or corrupt file: Expected BOF record; found b'<html xm'
2026-01-01 15:26:38 [ERROR] __main__ [process_health_2019.py:216]: Could not read data from Uttar Pradesh.xls
2026-01-01 15:26:38 [WARNING] __main__ [process_health_2019.py:374]: Failed to process Uttar Pradesh.xls
2026-01-01 15:26:38 [INFO] __main__ [process_health_2019.py:203]: Processing file: Uttarakhand.xls
2026-01-01 15:26:38 [WARNING] __main__ [process_health_2019.py:81]: Could not find header row with both 'District' and 'Diarrhoea' in Uttarakhand.xls
2026-01-01 15:26:38 [WARNING] __main__ [process_health_2019.py:209]: Could not find header row in Uttarakhand.xls, trying default (row 0)
2026-01-01 15:26:39 [ERROR] __main__ [process_health_2019.py:188]: Failed to read Uttarakhand.xls with all methods: Unsupported format, or corrupt file: Expected BOF record; found b'<html xm'
2026-01-01 15:26:39 [ERROR] __main__ [process_health_2019.py:216]: Could not read data from Uttarakhand.xls
2026-01-01 15:26:39 [WARNING] __main__ [process_health_2019.py:374]: Failed to process Uttarakhand.xls
2026-01-01 15:26:39 [INFO] __main__ [process_health_2019.py:203]: Processing file: West Bengal.xls
2026-01-01 15:26:39 [WARNING] __main__ [process_health_2019.py:81]: Could not find header row with both 'District' and 'Diarrhoea' in West Bengal.xls
2026-01-01 15:26:39 [WARNING] __main__ [process_health_2019.py:209]: Could not find header row in West Bengal.xls, trying default (row 0)
2026-01-01 15:26:39 [ERROR] __main__ [process_health_2019.py:188]: Failed to read West Bengal.xls with all methods: Unsupported format, or corrupt file: Expected BOF record; found b'<html xm'
2026-01-01 15:26:39 [ERROR] __main__ [process_health_2019.py:216]: Could not read data from West Bengal.xls
2026-01-01 15:26:39 [WARNING] __main__ [process_health_2019.py:374]: Failed to process West Bengal.xls
2026-01-01 15:26:39 [ERROR] __main__ [process_health_2019.py:383]: No files were successfully processed
2026-01-01 15:26:39 [ERROR] __main__ [process_health_2019.py:405]: No data was extracted. Please check the file structure.
2026-01-01 15:28:58 [INFO] __main__ [process_health_2019.py:451]: Starting health data processing for 2019-2020
2026-01-01 15:28:58 [INFO] __main__ [process_health_2019.py:461]: Using data directory: data\raw\health_2019_20
2026-01-01 15:28:58 [INFO] __main__ [process_health_2019.py:407]: Starting to process health data files from: data\raw\health_2019_20
2026-01-01 15:28:58 [INFO] __main__ [process_health_2019.py:416]: Found 39 .xls files
2026-01-01 15:28:58 [INFO] __main__ [process_health_2019.py:265]: Processing file: A & N Islands.xls
2026-01-01 15:28:58 [WARNING] __main__ [process_health_2019.py:109]: Could not find header row with both 'District' and 'Diarrhoea' in A & N Islands.xls
2026-01-01 15:28:58 [WARNING] __main__ [process_health_2019.py:271]: Could not find header row in A & N Islands.xls, trying default (row 0)
2026-01-01 15:28:58 [ERROR] __main__ [process_health_2019.py:242]: Failed to read A & N Islands.xls as HTML: Missing optional dependency 'lxml'.  Use pip or conda to install lxml.
2026-01-01 15:28:58 [ERROR] __main__ [process_health_2019.py:278]: Could not read data from A & N Islands.xls
2026-01-01 15:28:58 [WARNING] __main__ [process_health_2019.py:436]: Failed to process A & N Islands.xls
2026-01-01 15:28:58 [INFO] __main__ [process_health_2019.py:426]: Skipping All_India.xls (aggregate file)
2026-01-01 15:28:58 [INFO] __main__ [process_health_2019.py:265]: Processing file: Andhra Pradesh.xls
2026-01-01 15:28:58 [WARNING] __main__ [process_health_2019.py:109]: Could not find header row with both 'District' and 'Diarrhoea' in Andhra Pradesh.xls
2026-01-01 15:28:58 [WARNING] __main__ [process_health_2019.py:271]: Could not find header row in Andhra Pradesh.xls, trying default (row 0)
2026-01-01 15:28:58 [ERROR] __main__ [process_health_2019.py:242]: Failed to read Andhra Pradesh.xls as HTML: Missing optional dependency 'lxml'.  Use pip or conda to install lxml.
2026-01-01 15:28:58 [ERROR] __main__ [process_health_2019.py:278]: Could not read data from Andhra Pradesh.xls
2026-01-01 15:28:58 [WARNING] __main__ [process_health_2019.py:436]: Failed to process Andhra Pradesh.xls
2026-01-01 15:28:58 [INFO] __main__ [process_health_2019.py:265]: Processing file: Arunachal Pradesh.xls
2026-01-01 15:28:58 [WARNING] __main__ [process_health_2019.py:109]: Could not find header row with both 'District' and 'Diarrhoea' in Arunachal Pradesh.xls
2026-01-01 15:28:58 [WARNING] __main__ [process_health_2019.py:271]: Could not find header row in Arunachal Pradesh.xls, trying default (row 0)
2026-01-01 15:28:58 [ERROR] __main__ [process_health_2019.py:242]: Failed to read Arunachal Pradesh.xls as HTML: Missing optional dependency 'lxml'.  Use pip or conda to install lxml.
2026-01-01 15:28:58 [ERROR] __main__ [process_health_2019.py:278]: Could not read data from Arunachal Pradesh.xls
2026-01-01 15:28:58 [WARNING] __main__ [process_health_2019.py:436]: Failed to process Arunachal Pradesh.xls
2026-01-01 15:28:58 [INFO] __main__ [process_health_2019.py:265]: Processing file: Assam.xls
2026-01-01 15:28:58 [WARNING] __main__ [process_health_2019.py:109]: Could not find header row with both 'District' and 'Diarrhoea' in Assam.xls
2026-01-01 15:28:58 [WARNING] __main__ [process_health_2019.py:271]: Could not find header row in Assam.xls, trying default (row 0)
2026-01-01 15:28:58 [ERROR] __main__ [process_health_2019.py:242]: Failed to read Assam.xls as HTML: Missing optional dependency 'lxml'.  Use pip or conda to install lxml.
2026-01-01 15:28:58 [ERROR] __main__ [process_health_2019.py:278]: Could not read data from Assam.xls
2026-01-01 15:28:58 [WARNING] __main__ [process_health_2019.py:436]: Failed to process Assam.xls
2026-01-01 15:28:58 [INFO] __main__ [process_health_2019.py:265]: Processing file: Bihar.xls
2026-01-01 15:28:58 [WARNING] __main__ [process_health_2019.py:109]: Could not find header row with both 'District' and 'Diarrhoea' in Bihar.xls
2026-01-01 15:28:58 [WARNING] __main__ [process_health_2019.py:271]: Could not find header row in Bihar.xls, trying default (row 0)
2026-01-01 15:28:58 [ERROR] __main__ [process_health_2019.py:242]: Failed to read Bihar.xls as HTML: Missing optional dependency 'lxml'.  Use pip or conda to install lxml.
2026-01-01 15:28:58 [ERROR] __main__ [process_health_2019.py:278]: Could not read data from Bihar.xls
2026-01-01 15:28:58 [WARNING] __main__ [process_health_2019.py:436]: Failed to process Bihar.xls
2026-01-01 15:28:58 [INFO] __main__ [process_health_2019.py:265]: Processing file: Chandigarh.xls
2026-01-01 15:28:58 [WARNING] __main__ [process_health_2019.py:109]: Could not find header row with both 'District' and 'Diarrhoea' in Chandigarh.xls
2026-01-01 15:28:58 [WARNING] __main__ [process_health_2019.py:271]: Could not find header row in Chandigarh.xls, trying default (row 0)
2026-01-01 15:28:58 [ERROR] __main__ [process_health_2019.py:242]: Failed to read Chandigarh.xls as HTML: Missing optional dependency 'lxml'.  Use pip or conda to install lxml.
2026-01-01 15:28:58 [ERROR] __main__ [process_health_2019.py:278]: Could not read data from Chandigarh.xls
2026-01-01 15:28:58 [WARNING] __main__ [process_health_2019.py:436]: Failed to process Chandigarh.xls
2026-01-01 15:28:58 [INFO] __main__ [process_health_2019.py:265]: Processing file: Chhattisgarh.xls
2026-01-01 15:28:58 [WARNING] __main__ [process_health_2019.py:109]: Could not find header row with both 'District' and 'Diarrhoea' in Chhattisgarh.xls
2026-01-01 15:28:58 [WARNING] __main__ [process_health_2019.py:271]: Could not find header row in Chhattisgarh.xls, trying default (row 0)
2026-01-01 15:28:58 [ERROR] __main__ [process_health_2019.py:242]: Failed to read Chhattisgarh.xls as HTML: Missing optional dependency 'lxml'.  Use pip or conda to install lxml.
2026-01-01 15:28:58 [ERROR] __main__ [process_health_2019.py:278]: Could not read data from Chhattisgarh.xls
2026-01-01 15:28:58 [WARNING] __main__ [process_health_2019.py:436]: Failed to process Chhattisgarh.xls
2026-01-01 15:28:58 [INFO] __main__ [process_health_2019.py:265]: Processing file: Dadra & Nagar Haveli.xls
2026-01-01 15:28:58 [WARNING] __main__ [process_health_2019.py:109]: Could not find header row with both 'District' and 'Diarrhoea' in Dadra & Nagar Haveli.xls
2026-01-01 15:28:58 [WARNING] __main__ [process_health_2019.py:271]: Could not find header row in Dadra & Nagar Haveli.xls, trying default (row 0)
2026-01-01 15:28:58 [ERROR] __main__ [process_health_2019.py:242]: Failed to read Dadra & Nagar Haveli.xls as HTML: Missing optional dependency 'lxml'.  Use pip or conda to install lxml.
2026-01-01 15:28:58 [ERROR] __main__ [process_health_2019.py:278]: Could not read data from Dadra & Nagar Haveli.xls
2026-01-01 15:28:58 [WARNING] __main__ [process_health_2019.py:436]: Failed to process Dadra & Nagar Haveli.xls
2026-01-01 15:28:58 [INFO] __main__ [process_health_2019.py:265]: Processing file: Daman & Diu.xls
2026-01-01 15:28:58 [WARNING] __main__ [process_health_2019.py:109]: Could not find header row with both 'District' and 'Diarrhoea' in Daman & Diu.xls
2026-01-01 15:28:58 [WARNING] __main__ [process_health_2019.py:271]: Could not find header row in Daman & Diu.xls, trying default (row 0)
2026-01-01 15:28:58 [ERROR] __main__ [process_health_2019.py:242]: Failed to read Daman & Diu.xls as HTML: Missing optional dependency 'lxml'.  Use pip or conda to install lxml.
2026-01-01 15:28:58 [ERROR] __main__ [process_health_2019.py:278]: Could not read data from Daman & Diu.xls
2026-01-01 15:28:58 [WARNING] __main__ [process_health_2019.py:436]: Failed to process Daman & Diu.xls
2026-01-01 15:28:58 [INFO] __main__ [process_health_2019.py:265]: Processing file: Delhi.xls
2026-01-01 15:28:58 [WARNING] __main__ [process_health_2019.py:109]: Could not find header row with both 'District' and 'Diarrhoea' in Delhi.xls
2026-01-01 15:28:58 [WARNING] __main__ [process_health_2019.py:271]: Could not find header row in Delhi.xls, trying default (row 0)
2026-01-01 15:28:58 [ERROR] __main__ [process_health_2019.py:242]: Failed to read Delhi.xls as HTML: Missing optional dependency 'lxml'.  Use pip or conda to install lxml.
2026-01-01 15:28:58 [ERROR] __main__ [process_health_2019.py:278]: Could not read data from Delhi.xls
2026-01-01 15:28:58 [WARNING] __main__ [process_health_2019.py:436]: Failed to process Delhi.xls
2026-01-01 15:28:58 [INFO] __main__ [process_health_2019.py:265]: Processing file: Goa.xls
2026-01-01 15:28:58 [WARNING] __main__ [process_health_2019.py:109]: Could not find header row with both 'District' and 'Diarrhoea' in Goa.xls
2026-01-01 15:28:58 [WARNING] __main__ [process_health_2019.py:271]: Could not find header row in Goa.xls, trying default (row 0)
2026-01-01 15:28:58 [ERROR] __main__ [process_health_2019.py:242]: Failed to read Goa.xls as HTML: Missing optional dependency 'lxml'.  Use pip or conda to install lxml.
2026-01-01 15:28:58 [ERROR] __main__ [process_health_2019.py:278]: Could not read data from Goa.xls
2026-01-01 15:28:58 [WARNING] __main__ [process_health_2019.py:436]: Failed to process Goa.xls
2026-01-01 15:28:58 [INFO] __main__ [process_health_2019.py:265]: Processing file: Gujarat.xls
2026-01-01 15:28:58 [WARNING] __main__ [process_health_2019.py:109]: Could not find header row with both 'District' and 'Diarrhoea' in Gujarat.xls
2026-01-01 15:28:58 [WARNING] __main__ [process_health_2019.py:271]: Could not find header row in Gujarat.xls, trying default (row 0)
2026-01-01 15:28:58 [ERROR] __main__ [process_health_2019.py:242]: Failed to read Gujarat.xls as HTML: Missing optional dependency 'lxml'.  Use pip or conda to install lxml.
2026-01-01 15:28:58 [ERROR] __main__ [process_health_2019.py:278]: Could not read data from Gujarat.xls
2026-01-01 15:28:58 [WARNING] __main__ [process_health_2019.py:436]: Failed to process Gujarat.xls
2026-01-01 15:28:58 [INFO] __main__ [process_health_2019.py:265]: Processing file: Haryana.xls
2026-01-01 15:28:58 [WARNING] __main__ [process_health_2019.py:109]: Could not find header row with both 'District' and 'Diarrhoea' in Haryana.xls
2026-01-01 15:28:58 [WARNING] __main__ [process_health_2019.py:271]: Could not find header row in Haryana.xls, trying default (row 0)
2026-01-01 15:28:59 [ERROR] __main__ [process_health_2019.py:242]: Failed to read Haryana.xls as HTML: Missing optional dependency 'lxml'.  Use pip or conda to install lxml.
2026-01-01 15:28:59 [ERROR] __main__ [process_health_2019.py:278]: Could not read data from Haryana.xls
2026-01-01 15:28:59 [WARNING] __main__ [process_health_2019.py:436]: Failed to process Haryana.xls
2026-01-01 15:28:59 [INFO] __main__ [process_health_2019.py:265]: Processing file: Himachal Pradesh.xls
2026-01-01 15:28:59 [WARNING] __main__ [process_health_2019.py:109]: Could not find header row with both 'District' and 'Diarrhoea' in Himachal Pradesh.xls
2026-01-01 15:28:59 [WARNING] __main__ [process_health_2019.py:271]: Could not find header row in Himachal Pradesh.xls, trying default (row 0)
2026-01-01 15:28:59 [ERROR] __main__ [process_health_2019.py:242]: Failed to read Himachal Pradesh.xls as HTML: Missing optional dependency 'lxml'.  Use pip or conda to install lxml.
2026-01-01 15:28:59 [ERROR] __main__ [process_health_2019.py:278]: Could not read data from Himachal Pradesh.xls
2026-01-01 15:28:59 [WARNING] __main__ [process_health_2019.py:436]: Failed to process Himachal Pradesh.xls
2026-01-01 15:28:59 [INFO] __main__ [process_health_2019.py:265]: Processing file: Jammu & Kashmir.xls
2026-01-01 15:28:59 [WARNING] __main__ [process_health_2019.py:109]: Could not find header row with both 'District' and 'Diarrhoea' in Jammu & Kashmir.xls
2026-01-01 15:28:59 [WARNING] __main__ [process_health_2019.py:271]: Could not find header row in Jammu & Kashmir.xls, trying default (row 0)
2026-01-01 15:28:59 [ERROR] __main__ [process_health_2019.py:242]: Failed to read Jammu & Kashmir.xls as HTML: Missing optional dependency 'lxml'.  Use pip or conda to install lxml.
2026-01-01 15:28:59 [ERROR] __main__ [process_health_2019.py:278]: Could not read data from Jammu & Kashmir.xls
2026-01-01 15:28:59 [WARNING] __main__ [process_health_2019.py:436]: Failed to process Jammu & Kashmir.xls
2026-01-01 15:28:59 [INFO] __main__ [process_health_2019.py:265]: Processing file: Jharkhand.xls
2026-01-01 15:28:59 [WARNING] __main__ [process_health_2019.py:109]: Could not find header row with both 'District' and 'Diarrhoea' in Jharkhand.xls
2026-01-01 15:28:59 [WARNING] __main__ [process_health_2019.py:271]: Could not find header row in Jharkhand.xls, trying default (row 0)
2026-01-01 15:28:59 [ERROR] __main__ [process_health_2019.py:242]: Failed to read Jharkhand.xls as HTML: Missing optional dependency 'lxml'.  Use pip or conda to install lxml.
2026-01-01 15:28:59 [ERROR] __main__ [process_health_2019.py:278]: Could not read data from Jharkhand.xls
2026-01-01 15:28:59 [WARNING] __main__ [process_health_2019.py:436]: Failed to process Jharkhand.xls
2026-01-01 15:28:59 [INFO] __main__ [process_health_2019.py:265]: Processing file: Karnataka.xls
2026-01-01 15:28:59 [WARNING] __main__ [process_health_2019.py:109]: Could not find header row with both 'District' and 'Diarrhoea' in Karnataka.xls
2026-01-01 15:28:59 [WARNING] __main__ [process_health_2019.py:271]: Could not find header row in Karnataka.xls, trying default (row 0)
2026-01-01 15:28:59 [ERROR] __main__ [process_health_2019.py:242]: Failed to read Karnataka.xls as HTML: Missing optional dependency 'lxml'.  Use pip or conda to install lxml.
2026-01-01 15:28:59 [ERROR] __main__ [process_health_2019.py:278]: Could not read data from Karnataka.xls
2026-01-01 15:28:59 [WARNING] __main__ [process_health_2019.py:436]: Failed to process Karnataka.xls
2026-01-01 15:28:59 [INFO] __main__ [process_health_2019.py:265]: Processing file: Kerala.xls
2026-01-01 15:28:59 [WARNING] __main__ [process_health_2019.py:109]: Could not find header row with both 'District' and 'Diarrhoea' in Kerala.xls
2026-01-01 15:28:59 [WARNING] __main__ [process_health_2019.py:271]: Could not find header row in Kerala.xls, trying default (row 0)
2026-01-01 15:28:59 [ERROR] __main__ [process_health_2019.py:242]: Failed to read Kerala.xls as HTML: Missing optional dependency 'lxml'.  Use pip or conda to install lxml.
2026-01-01 15:28:59 [ERROR] __main__ [process_health_2019.py:278]: Could not read data from Kerala.xls
2026-01-01 15:28:59 [WARNING] __main__ [process_health_2019.py:436]: Failed to process Kerala.xls
2026-01-01 15:28:59 [INFO] __main__ [process_health_2019.py:265]: Processing file: Lakshadweep.xls
2026-01-01 15:28:59 [WARNING] __main__ [process_health_2019.py:109]: Could not find header row with both 'District' and 'Diarrhoea' in Lakshadweep.xls
2026-01-01 15:28:59 [WARNING] __main__ [process_health_2019.py:271]: Could not find header row in Lakshadweep.xls, trying default (row 0)
2026-01-01 15:28:59 [ERROR] __main__ [process_health_2019.py:242]: Failed to read Lakshadweep.xls as HTML: Missing optional dependency 'lxml'.  Use pip or conda to install lxml.
2026-01-01 15:28:59 [ERROR] __main__ [process_health_2019.py:278]: Could not read data from Lakshadweep.xls
2026-01-01 15:28:59 [WARNING] __main__ [process_health_2019.py:436]: Failed to process Lakshadweep.xls
2026-01-01 15:28:59 [INFO] __main__ [process_health_2019.py:265]: Processing file: M O Defence.xls
2026-01-01 15:28:59 [WARNING] __main__ [process_health_2019.py:109]: Could not find header row with both 'District' and 'Diarrhoea' in M O Defence.xls
2026-01-01 15:28:59 [WARNING] __main__ [process_health_2019.py:271]: Could not find header row in M O Defence.xls, trying default (row 0)
2026-01-01 15:28:59 [ERROR] __main__ [process_health_2019.py:242]: Failed to read M O Defence.xls as HTML: Missing optional dependency 'lxml'.  Use pip or conda to install lxml.
2026-01-01 15:28:59 [ERROR] __main__ [process_health_2019.py:278]: Could not read data from M O Defence.xls
2026-01-01 15:28:59 [WARNING] __main__ [process_health_2019.py:436]: Failed to process M O Defence.xls
2026-01-01 15:28:59 [INFO] __main__ [process_health_2019.py:265]: Processing file: M O Railways.xls
2026-01-01 15:28:59 [WARNING] __main__ [process_health_2019.py:109]: Could not find header row with both 'District' and 'Diarrhoea' in M O Railways.xls
2026-01-01 15:28:59 [WARNING] __main__ [process_health_2019.py:271]: Could not find header row in M O Railways.xls, trying default (row 0)
2026-01-01 15:28:59 [ERROR] __main__ [process_health_2019.py:242]: Failed to read M O Railways.xls as HTML: Missing optional dependency 'lxml'.  Use pip or conda to install lxml.
2026-01-01 15:28:59 [ERROR] __main__ [process_health_2019.py:278]: Could not read data from M O Railways.xls
2026-01-01 15:28:59 [WARNING] __main__ [process_health_2019.py:436]: Failed to process M O Railways.xls
2026-01-01 15:28:59 [INFO] __main__ [process_health_2019.py:265]: Processing file: Madhya Pradesh.xls
2026-01-01 15:28:59 [WARNING] __main__ [process_health_2019.py:109]: Could not find header row with both 'District' and 'Diarrhoea' in Madhya Pradesh.xls
2026-01-01 15:28:59 [WARNING] __main__ [process_health_2019.py:271]: Could not find header row in Madhya Pradesh.xls, trying default (row 0)
2026-01-01 15:28:59 [ERROR] __main__ [process_health_2019.py:242]: Failed to read Madhya Pradesh.xls as HTML: Missing optional dependency 'lxml'.  Use pip or conda to install lxml.
2026-01-01 15:28:59 [ERROR] __main__ [process_health_2019.py:278]: Could not read data from Madhya Pradesh.xls
2026-01-01 15:28:59 [WARNING] __main__ [process_health_2019.py:436]: Failed to process Madhya Pradesh.xls
2026-01-01 15:28:59 [INFO] __main__ [process_health_2019.py:265]: Processing file: Maharashtra.xls
2026-01-01 15:28:59 [WARNING] __main__ [process_health_2019.py:109]: Could not find header row with both 'District' and 'Diarrhoea' in Maharashtra.xls
2026-01-01 15:28:59 [WARNING] __main__ [process_health_2019.py:271]: Could not find header row in Maharashtra.xls, trying default (row 0)
2026-01-01 15:28:59 [ERROR] __main__ [process_health_2019.py:242]: Failed to read Maharashtra.xls as HTML: Missing optional dependency 'lxml'.  Use pip or conda to install lxml.
2026-01-01 15:28:59 [ERROR] __main__ [process_health_2019.py:278]: Could not read data from Maharashtra.xls
2026-01-01 15:28:59 [WARNING] __main__ [process_health_2019.py:436]: Failed to process Maharashtra.xls
2026-01-01 15:28:59 [INFO] __main__ [process_health_2019.py:265]: Processing file: Manipur.xls
2026-01-01 15:28:59 [WARNING] __main__ [process_health_2019.py:109]: Could not find header row with both 'District' and 'Diarrhoea' in Manipur.xls
2026-01-01 15:28:59 [WARNING] __main__ [process_health_2019.py:271]: Could not find header row in Manipur.xls, trying default (row 0)
2026-01-01 15:28:59 [ERROR] __main__ [process_health_2019.py:242]: Failed to read Manipur.xls as HTML: Missing optional dependency 'lxml'.  Use pip or conda to install lxml.
2026-01-01 15:28:59 [ERROR] __main__ [process_health_2019.py:278]: Could not read data from Manipur.xls
2026-01-01 15:28:59 [WARNING] __main__ [process_health_2019.py:436]: Failed to process Manipur.xls
2026-01-01 15:28:59 [INFO] __main__ [process_health_2019.py:265]: Processing file: Meghalaya.xls
2026-01-01 15:28:59 [WARNING] __main__ [process_health_2019.py:109]: Could not find header row with both 'District' and 'Diarrhoea' in Meghalaya.xls
2026-01-01 15:28:59 [WARNING] __main__ [process_health_2019.py:271]: Could not find header row in Meghalaya.xls, trying default (row 0)
2026-01-01 15:28:59 [ERROR] __main__ [process_health_2019.py:242]: Failed to read Meghalaya.xls as HTML: Missing optional dependency 'lxml'.  Use pip or conda to install lxml.
2026-01-01 15:28:59 [ERROR] __main__ [process_health_2019.py:278]: Could not read data from Meghalaya.xls
2026-01-01 15:28:59 [WARNING] __main__ [process_health_2019.py:436]: Failed to process Meghalaya.xls
2026-01-01 15:28:59 [INFO] __main__ [process_health_2019.py:265]: Processing file: Mizoram.xls
2026-01-01 15:28:59 [WARNING] __main__ [process_health_2019.py:109]: Could not find header row with both 'District' and 'Diarrhoea' in Mizoram.xls
2026-01-01 15:28:59 [WARNING] __main__ [process_health_2019.py:271]: Could not find header row in Mizoram.xls, trying default (row 0)
2026-01-01 15:28:59 [ERROR] __main__ [process_health_2019.py:242]: Failed to read Mizoram.xls as HTML: Missing optional dependency 'lxml'.  Use pip or conda to install lxml.
2026-01-01 15:28:59 [ERROR] __main__ [process_health_2019.py:278]: Could not read data from Mizoram.xls
2026-01-01 15:28:59 [WARNING] __main__ [process_health_2019.py:436]: Failed to process Mizoram.xls
2026-01-01 15:28:59 [INFO] __main__ [process_health_2019.py:265]: Processing file: Nagaland.xls
2026-01-01 15:28:59 [WARNING] __main__ [process_health_2019.py:109]: Could not find header row with both 'District' and 'Diarrhoea' in Nagaland.xls
2026-01-01 15:28:59 [WARNING] __main__ [process_health_2019.py:271]: Could not find header row in Nagaland.xls, trying default (row 0)
2026-01-01 15:28:59 [ERROR] __main__ [process_health_2019.py:242]: Failed to read Nagaland.xls as HTML: Missing optional dependency 'lxml'.  Use pip or conda to install lxml.
2026-01-01 15:28:59 [ERROR] __main__ [process_health_2019.py:278]: Could not read data from Nagaland.xls
2026-01-01 15:28:59 [WARNING] __main__ [process_health_2019.py:436]: Failed to process Nagaland.xls
2026-01-01 15:28:59 [INFO] __main__ [process_health_2019.py:265]: Processing file: Odisha.xls
2026-01-01 15:28:59 [WARNING] __main__ [process_health_2019.py:109]: Could not find header row with both 'District' and 'Diarrhoea' in Odisha.xls
2026-01-01 15:28:59 [WARNING] __main__ [process_health_2019.py:271]: Could not find header row in Odisha.xls, trying default (row 0)
2026-01-01 15:28:59 [ERROR] __main__ [process_health_2019.py:242]: Failed to read Odisha.xls as HTML: Missing optional dependency 'lxml'.  Use pip or conda to install lxml.
2026-01-01 15:28:59 [ERROR] __main__ [process_health_2019.py:278]: Could not read data from Odisha.xls
2026-01-01 15:28:59 [WARNING] __main__ [process_health_2019.py:436]: Failed to process Odisha.xls
2026-01-01 15:28:59 [INFO] __main__ [process_health_2019.py:265]: Processing file: Puducherry.xls
2026-01-01 15:28:59 [WARNING] __main__ [process_health_2019.py:109]: Could not find header row with both 'District' and 'Diarrhoea' in Puducherry.xls
2026-01-01 15:28:59 [WARNING] __main__ [process_health_2019.py:271]: Could not find header row in Puducherry.xls, trying default (row 0)
2026-01-01 15:28:59 [ERROR] __main__ [process_health_2019.py:242]: Failed to read Puducherry.xls as HTML: Missing optional dependency 'lxml'.  Use pip or conda to install lxml.
2026-01-01 15:28:59 [ERROR] __main__ [process_health_2019.py:278]: Could not read data from Puducherry.xls
2026-01-01 15:28:59 [WARNING] __main__ [process_health_2019.py:436]: Failed to process Puducherry.xls
2026-01-01 15:28:59 [INFO] __main__ [process_health_2019.py:265]: Processing file: Punjab.xls
2026-01-01 15:28:59 [WARNING] __main__ [process_health_2019.py:109]: Could not find header row with both 'District' and 'Diarrhoea' in Punjab.xls
2026-01-01 15:28:59 [WARNING] __main__ [process_health_2019.py:271]: Could not find header row in Punjab.xls, trying default (row 0)
2026-01-01 15:28:59 [ERROR] __main__ [process_health_2019.py:242]: Failed to read Punjab.xls as HTML: Missing optional dependency 'lxml'.  Use pip or conda to install lxml.
2026-01-01 15:28:59 [ERROR] __main__ [process_health_2019.py:278]: Could not read data from Punjab.xls
2026-01-01 15:28:59 [WARNING] __main__ [process_health_2019.py:436]: Failed to process Punjab.xls
2026-01-01 15:28:59 [INFO] __main__ [process_health_2019.py:265]: Processing file: Rajasthan.xls
2026-01-01 15:28:59 [WARNING] __main__ [process_health_2019.py:109]: Could not find header row with both 'District' and 'Diarrhoea' in Rajasthan.xls
2026-01-01 15:28:59 [WARNING] __main__ [process_health_2019.py:271]: Could not find header row in Rajasthan.xls, trying default (row 0)
2026-01-01 15:29:00 [ERROR] __main__ [process_health_2019.py:242]: Failed to read Rajasthan.xls as HTML: Missing optional dependency 'lxml'.  Use pip or conda to install lxml.
2026-01-01 15:29:00 [ERROR] __main__ [process_health_2019.py:278]: Could not read data from Rajasthan.xls
2026-01-01 15:29:00 [WARNING] __main__ [process_health_2019.py:436]: Failed to process Rajasthan.xls
2026-01-01 15:29:00 [INFO] __main__ [process_health_2019.py:265]: Processing file: Sikkim.xls
2026-01-01 15:29:00 [WARNING] __main__ [process_health_2019.py:109]: Could not find header row with both 'District' and 'Diarrhoea' in Sikkim.xls
2026-01-01 15:29:00 [WARNING] __main__ [process_health_2019.py:271]: Could not find header row in Sikkim.xls, trying default (row 0)
2026-01-01 15:29:00 [ERROR] __main__ [process_health_2019.py:242]: Failed to read Sikkim.xls as HTML: Missing optional dependency 'lxml'.  Use pip or conda to install lxml.
2026-01-01 15:29:00 [ERROR] __main__ [process_health_2019.py:278]: Could not read data from Sikkim.xls
2026-01-01 15:29:00 [WARNING] __main__ [process_health_2019.py:436]: Failed to process Sikkim.xls
2026-01-01 15:29:00 [INFO] __main__ [process_health_2019.py:265]: Processing file: Tamil Nadu.xls
2026-01-01 15:29:00 [WARNING] __main__ [process_health_2019.py:109]: Could not find header row with both 'District' and 'Diarrhoea' in Tamil Nadu.xls
2026-01-01 15:29:00 [WARNING] __main__ [process_health_2019.py:271]: Could not find header row in Tamil Nadu.xls, trying default (row 0)
2026-01-01 15:29:00 [ERROR] __main__ [process_health_2019.py:242]: Failed to read Tamil Nadu.xls as HTML: Missing optional dependency 'lxml'.  Use pip or conda to install lxml.
2026-01-01 15:29:00 [ERROR] __main__ [process_health_2019.py:278]: Could not read data from Tamil Nadu.xls
2026-01-01 15:29:00 [WARNING] __main__ [process_health_2019.py:436]: Failed to process Tamil Nadu.xls
2026-01-01 15:29:00 [INFO] __main__ [process_health_2019.py:265]: Processing file: Telangana.xls
2026-01-01 15:29:00 [WARNING] __main__ [process_health_2019.py:109]: Could not find header row with both 'District' and 'Diarrhoea' in Telangana.xls
2026-01-01 15:29:00 [WARNING] __main__ [process_health_2019.py:271]: Could not find header row in Telangana.xls, trying default (row 0)
2026-01-01 15:29:00 [ERROR] __main__ [process_health_2019.py:242]: Failed to read Telangana.xls as HTML: Missing optional dependency 'lxml'.  Use pip or conda to install lxml.
2026-01-01 15:29:00 [ERROR] __main__ [process_health_2019.py:278]: Could not read data from Telangana.xls
2026-01-01 15:29:00 [WARNING] __main__ [process_health_2019.py:436]: Failed to process Telangana.xls
2026-01-01 15:29:00 [INFO] __main__ [process_health_2019.py:265]: Processing file: Tripura.xls
2026-01-01 15:29:00 [WARNING] __main__ [process_health_2019.py:109]: Could not find header row with both 'District' and 'Diarrhoea' in Tripura.xls
2026-01-01 15:29:00 [WARNING] __main__ [process_health_2019.py:271]: Could not find header row in Tripura.xls, trying default (row 0)
2026-01-01 15:29:00 [ERROR] __main__ [process_health_2019.py:242]: Failed to read Tripura.xls as HTML: Missing optional dependency 'lxml'.  Use pip or conda to install lxml.
2026-01-01 15:29:00 [ERROR] __main__ [process_health_2019.py:278]: Could not read data from Tripura.xls
2026-01-01 15:29:00 [WARNING] __main__ [process_health_2019.py:436]: Failed to process Tripura.xls
2026-01-01 15:29:00 [INFO] __main__ [process_health_2019.py:265]: Processing file: Uttar Pradesh.xls
2026-01-01 15:29:00 [WARNING] __main__ [process_health_2019.py:109]: Could not find header row with both 'District' and 'Diarrhoea' in Uttar Pradesh.xls
2026-01-01 15:29:00 [WARNING] __main__ [process_health_2019.py:271]: Could not find header row in Uttar Pradesh.xls, trying default (row 0)
2026-01-01 15:29:00 [ERROR] __main__ [process_health_2019.py:242]: Failed to read Uttar Pradesh.xls as HTML: Missing optional dependency 'lxml'.  Use pip or conda to install lxml.
2026-01-01 15:29:00 [ERROR] __main__ [process_health_2019.py:278]: Could not read data from Uttar Pradesh.xls
2026-01-01 15:29:00 [WARNING] __main__ [process_health_2019.py:436]: Failed to process Uttar Pradesh.xls
2026-01-01 15:29:00 [INFO] __main__ [process_health_2019.py:265]: Processing file: Uttarakhand.xls
2026-01-01 15:29:00 [WARNING] __main__ [process_health_2019.py:109]: Could not find header row with both 'District' and 'Diarrhoea' in Uttarakhand.xls
2026-01-01 15:29:00 [WARNING] __main__ [process_health_2019.py:271]: Could not find header row in Uttarakhand.xls, trying default (row 0)
2026-01-01 15:29:00 [ERROR] __main__ [process_health_2019.py:242]: Failed to read Uttarakhand.xls as HTML: Missing optional dependency 'lxml'.  Use pip or conda to install lxml.
2026-01-01 15:29:00 [ERROR] __main__ [process_health_2019.py:278]: Could not read data from Uttarakhand.xls
2026-01-01 15:29:00 [WARNING] __main__ [process_health_2019.py:436]: Failed to process Uttarakhand.xls
2026-01-01 15:29:00 [INFO] __main__ [process_health_2019.py:265]: Processing file: West Bengal.xls
2026-01-01 15:29:00 [WARNING] __main__ [process_health_2019.py:109]: Could not find header row with both 'District' and 'Diarrhoea' in West Bengal.xls
2026-01-01 15:29:00 [WARNING] __main__ [process_health_2019.py:271]: Could not find header row in West Bengal.xls, trying default (row 0)
2026-01-01 15:29:00 [ERROR] __main__ [process_health_2019.py:242]: Failed to read West Bengal.xls as HTML: Missing optional dependency 'lxml'.  Use pip or conda to install lxml.
2026-01-01 15:29:00 [ERROR] __main__ [process_health_2019.py:278]: Could not read data from West Bengal.xls
2026-01-01 15:29:00 [WARNING] __main__ [process_health_2019.py:436]: Failed to process West Bengal.xls
2026-01-01 15:29:00 [ERROR] __main__ [process_health_2019.py:445]: No files were successfully processed
2026-01-01 15:29:00 [ERROR] __main__ [process_health_2019.py:467]: No data was extracted. Please check the file structure.
2026-01-01 15:30:41 [INFO] __main__ [process_health_2019.py:451]: Starting health data processing for 2019-2020
2026-01-01 15:30:41 [INFO] __main__ [process_health_2019.py:461]: Using data directory: data\raw\health_2019_20
2026-01-01 15:30:41 [INFO] __main__ [process_health_2019.py:407]: Starting to process health data files from: data\raw\health_2019_20
2026-01-01 15:30:41 [INFO] __main__ [process_health_2019.py:416]: Found 39 .xls files
2026-01-01 15:30:41 [INFO] __main__ [process_health_2019.py:265]: Processing file: A & N Islands.xls
2026-01-01 15:30:43 [WARNING] __main__ [process_health_2019.py:109]: Could not find header row with both 'District' and 'Diarrhoea' in A & N Islands.xls
2026-01-01 15:30:43 [WARNING] __main__ [process_health_2019.py:271]: Could not find header row in A & N Islands.xls, trying default (row 0)
2026-01-01 15:30:45 [INFO] __main__ [process_health_2019.py:238]: Successfully read A & N Islands.xls as HTML format
2026-01-01 15:30:45 [WARNING] __main__ [process_health_2019.py:348]: Diarrhoea column not found in A & N Islands.xls
2026-01-01 15:30:45 [WARNING] __main__ [process_health_2019.py:436]: Failed to process A & N Islands.xls
2026-01-01 15:30:45 [INFO] __main__ [process_health_2019.py:426]: Skipping All_India.xls (aggregate file)
2026-01-01 15:30:45 [INFO] __main__ [process_health_2019.py:265]: Processing file: Andhra Pradesh.xls
2026-01-01 15:30:54 [WARNING] __main__ [process_health_2019.py:109]: Could not find header row with both 'District' and 'Diarrhoea' in Andhra Pradesh.xls
2026-01-01 15:30:54 [WARNING] __main__ [process_health_2019.py:271]: Could not find header row in Andhra Pradesh.xls, trying default (row 0)
2026-01-01 15:31:03 [INFO] __main__ [process_health_2019.py:238]: Successfully read Andhra Pradesh.xls as HTML format
2026-01-01 15:31:03 [WARNING] __main__ [process_health_2019.py:348]: Diarrhoea column not found in Andhra Pradesh.xls
2026-01-01 15:31:03 [WARNING] __main__ [process_health_2019.py:436]: Failed to process Andhra Pradesh.xls
2026-01-01 15:31:03 [INFO] __main__ [process_health_2019.py:265]: Processing file: Arunachal Pradesh.xls
2026-01-01 15:31:19 [WARNING] __main__ [process_health_2019.py:109]: Could not find header row with both 'District' and 'Diarrhoea' in Arunachal Pradesh.xls
2026-01-01 15:31:19 [WARNING] __main__ [process_health_2019.py:271]: Could not find header row in Arunachal Pradesh.xls, trying default (row 0)
2026-01-01 15:31:36 [INFO] __main__ [process_health_2019.py:238]: Successfully read Arunachal Pradesh.xls as HTML format
2026-01-01 15:31:36 [WARNING] __main__ [process_health_2019.py:348]: Diarrhoea column not found in Arunachal Pradesh.xls
2026-01-01 15:31:36 [WARNING] __main__ [process_health_2019.py:436]: Failed to process Arunachal Pradesh.xls
2026-01-01 15:31:36 [INFO] __main__ [process_health_2019.py:265]: Processing file: Assam.xls
2026-01-01 15:31:59 [WARNING] __main__ [process_health_2019.py:109]: Could not find header row with both 'District' and 'Diarrhoea' in Assam.xls
2026-01-01 15:31:59 [WARNING] __main__ [process_health_2019.py:271]: Could not find header row in Assam.xls, trying default (row 0)
2026-01-01 15:32:23 [INFO] __main__ [process_health_2019.py:238]: Successfully read Assam.xls as HTML format
2026-01-01 15:32:23 [WARNING] __main__ [process_health_2019.py:348]: Diarrhoea column not found in Assam.xls
2026-01-01 15:32:23 [WARNING] __main__ [process_health_2019.py:436]: Failed to process Assam.xls
2026-01-01 15:32:23 [INFO] __main__ [process_health_2019.py:265]: Processing file: Bihar.xls
2026-01-01 15:32:50 [WARNING] __main__ [process_health_2019.py:109]: Could not find header row with both 'District' and 'Diarrhoea' in Bihar.xls
2026-01-01 15:32:50 [WARNING] __main__ [process_health_2019.py:271]: Could not find header row in Bihar.xls, trying default (row 0)
2026-01-01 15:33:16 [INFO] __main__ [process_health_2019.py:238]: Successfully read Bihar.xls as HTML format
2026-01-01 15:33:16 [WARNING] __main__ [process_health_2019.py:348]: Diarrhoea column not found in Bihar.xls
2026-01-01 15:33:16 [WARNING] __main__ [process_health_2019.py:436]: Failed to process Bihar.xls
2026-01-01 15:33:16 [INFO] __main__ [process_health_2019.py:265]: Processing file: Chandigarh.xls
2026-01-01 15:33:17 [WARNING] __main__ [process_health_2019.py:109]: Could not find header row with both 'District' and 'Diarrhoea' in Chandigarh.xls
2026-01-01 15:33:17 [WARNING] __main__ [process_health_2019.py:271]: Could not find header row in Chandigarh.xls, trying default (row 0)
2026-01-01 15:33:18 [INFO] __main__ [process_health_2019.py:238]: Successfully read Chandigarh.xls as HTML format
2026-01-01 15:33:18 [WARNING] __main__ [process_health_2019.py:348]: Diarrhoea column not found in Chandigarh.xls
2026-01-01 15:33:18 [WARNING] __main__ [process_health_2019.py:436]: Failed to process Chandigarh.xls
2026-01-01 15:33:18 [INFO] __main__ [process_health_2019.py:265]: Processing file: Chhattisgarh.xls
2026-01-01 15:33:36 [WARNING] __main__ [process_health_2019.py:109]: Could not find header row with both 'District' and 'Diarrhoea' in Chhattisgarh.xls
2026-01-01 15:33:36 [WARNING] __main__ [process_health_2019.py:271]: Could not find header row in Chhattisgarh.xls, trying default (row 0)
2026-01-01 15:33:53 [INFO] __main__ [process_health_2019.py:238]: Successfully read Chhattisgarh.xls as HTML format
2026-01-01 15:33:53 [WARNING] __main__ [process_health_2019.py:348]: Diarrhoea column not found in Chhattisgarh.xls
2026-01-01 15:33:53 [WARNING] __main__ [process_health_2019.py:436]: Failed to process Chhattisgarh.xls
2026-01-01 15:33:53 [INFO] __main__ [process_health_2019.py:265]: Processing file: Dadra & Nagar Haveli.xls
2026-01-01 15:33:54 [WARNING] __main__ [process_health_2019.py:109]: Could not find header row with both 'District' and 'Diarrhoea' in Dadra & Nagar Haveli.xls
2026-01-01 15:33:54 [WARNING] __main__ [process_health_2019.py:271]: Could not find header row in Dadra & Nagar Haveli.xls, trying default (row 0)
2026-01-01 15:33:54 [INFO] __main__ [process_health_2019.py:238]: Successfully read Dadra & Nagar Haveli.xls as HTML format
2026-01-01 15:33:54 [WARNING] __main__ [process_health_2019.py:348]: Diarrhoea column not found in Dadra & Nagar Haveli.xls
2026-01-01 15:33:54 [WARNING] __main__ [process_health_2019.py:436]: Failed to process Dadra & Nagar Haveli.xls
2026-01-01 15:33:54 [INFO] __main__ [process_health_2019.py:265]: Processing file: Daman & Diu.xls
2026-01-01 15:33:56 [WARNING] __main__ [process_health_2019.py:109]: Could not find header row with both 'District' and 'Diarrhoea' in Daman & Diu.xls
2026-01-01 15:33:56 [WARNING] __main__ [process_health_2019.py:271]: Could not find header row in Daman & Diu.xls, trying default (row 0)
2026-01-01 15:33:57 [INFO] __main__ [process_health_2019.py:238]: Successfully read Daman & Diu.xls as HTML format
2026-01-01 15:33:57 [WARNING] __main__ [process_health_2019.py:348]: Diarrhoea column not found in Daman & Diu.xls
2026-01-01 15:33:57 [WARNING] __main__ [process_health_2019.py:436]: Failed to process Daman & Diu.xls
2026-01-01 15:33:57 [INFO] __main__ [process_health_2019.py:265]: Processing file: Delhi.xls
2026-01-01 15:34:04 [WARNING] __main__ [process_health_2019.py:109]: Could not find header row with both 'District' and 'Diarrhoea' in Delhi.xls
2026-01-01 15:34:04 [WARNING] __main__ [process_health_2019.py:271]: Could not find header row in Delhi.xls, trying default (row 0)
2026-01-01 15:34:11 [INFO] __main__ [process_health_2019.py:238]: Successfully read Delhi.xls as HTML format
2026-01-01 15:34:11 [WARNING] __main__ [process_health_2019.py:348]: Diarrhoea column not found in Delhi.xls
2026-01-01 15:34:11 [WARNING] __main__ [process_health_2019.py:436]: Failed to process Delhi.xls
2026-01-01 15:34:11 [INFO] __main__ [process_health_2019.py:265]: Processing file: Goa.xls
2026-01-01 15:34:13 [WARNING] __main__ [process_health_2019.py:109]: Could not find header row with both 'District' and 'Diarrhoea' in Goa.xls
2026-01-01 15:34:13 [WARNING] __main__ [process_health_2019.py:271]: Could not find header row in Goa.xls, trying default (row 0)
2026-01-01 15:34:14 [INFO] __main__ [process_health_2019.py:238]: Successfully read Goa.xls as HTML format
2026-01-01 15:34:14 [WARNING] __main__ [process_health_2019.py:348]: Diarrhoea column not found in Goa.xls
2026-01-01 15:34:14 [WARNING] __main__ [process_health_2019.py:436]: Failed to process Goa.xls
2026-01-01 15:34:14 [INFO] __main__ [process_health_2019.py:265]: Processing file: Gujarat.xls
2026-01-01 15:34:37 [WARNING] __main__ [process_health_2019.py:109]: Could not find header row with both 'District' and 'Diarrhoea' in Gujarat.xls
2026-01-01 15:34:37 [WARNING] __main__ [process_health_2019.py:271]: Could not find header row in Gujarat.xls, trying default (row 0)
2026-01-01 15:34:57 [INFO] __main__ [debug_hmis_columns.py:42]: Inspecting file: A & N Islands.xls
2026-01-01 15:34:59 [ERROR] __main__ [debug_hmis_columns.py:128]: Error reading file A & N Islands.xls: unsupported format string passed to tuple.__format__
Traceback (most recent call last):
  File "C:\JMM\Project for Cursor\src\debug_hmis_columns.py", line 113, in debug_hmis_file
    print(f"  {col:50s} | {str(dtype):15s} | {non_null_count:5d} non-null values")
              ^^^^^^^^^
TypeError: unsupported format string passed to tuple.__format__
2026-01-01 15:38:37 [INFO] __main__ [process_health_2019_final.py:259]: Starting health data processing for 2019-2020 (Final Version)
2026-01-01 15:38:37 [INFO] __main__ [process_health_2019_final.py:269]: Using data directory: data\raw\health_2019_20
2026-01-01 15:38:37 [INFO] __main__ [process_health_2019_final.py:215]: Starting to process health data files from: data\raw\health_2019_20
2026-01-01 15:38:37 [INFO] __main__ [process_health_2019_final.py:224]: Found 39 .xls files
2026-01-01 15:38:37 [INFO] __main__ [process_health_2019_final.py:49]: Processing file: A & N Islands.xls
2026-01-01 15:38:39 [WARNING] __main__ [process_health_2019_final.py:112]: No rows found with 'Diarrhoea' and 'Inpatient' in Indicator for A & N Islands.xls
2026-01-01 15:38:39 [WARNING] __main__ [process_health_2019_final.py:244]: Failed to process A & N Islands.xls
2026-01-01 15:38:39 [INFO] __main__ [process_health_2019_final.py:234]: Skipping All_India.xls (aggregate file)
2026-01-01 15:38:39 [INFO] __main__ [process_health_2019_final.py:49]: Processing file: Andhra Pradesh.xls
2026-01-01 15:38:48 [WARNING] __main__ [process_health_2019_final.py:112]: No rows found with 'Diarrhoea' and 'Inpatient' in Indicator for Andhra Pradesh.xls
2026-01-01 15:38:48 [WARNING] __main__ [process_health_2019_final.py:244]: Failed to process Andhra Pradesh.xls
2026-01-01 15:38:48 [INFO] __main__ [process_health_2019_final.py:49]: Processing file: Arunachal Pradesh.xls
2026-01-01 15:39:01 [WARNING] __main__ [process_health_2019_final.py:112]: No rows found with 'Diarrhoea' and 'Inpatient' in Indicator for Arunachal Pradesh.xls
2026-01-01 15:39:01 [WARNING] __main__ [process_health_2019_final.py:244]: Failed to process Arunachal Pradesh.xls
2026-01-01 15:39:01 [INFO] __main__ [process_health_2019_final.py:49]: Processing file: Assam.xls
2026-01-01 15:39:19 [WARNING] __main__ [process_health_2019_final.py:112]: No rows found with 'Diarrhoea' and 'Inpatient' in Indicator for Assam.xls
2026-01-01 15:39:19 [WARNING] __main__ [process_health_2019_final.py:244]: Failed to process Assam.xls
2026-01-01 15:39:19 [INFO] __main__ [process_health_2019_final.py:49]: Processing file: Bihar.xls
2026-01-01 15:39:44 [WARNING] __main__ [process_health_2019_final.py:112]: No rows found with 'Diarrhoea' and 'Inpatient' in Indicator for Bihar.xls
2026-01-01 15:39:44 [WARNING] __main__ [process_health_2019_final.py:244]: Failed to process Bihar.xls
2026-01-01 15:39:44 [INFO] __main__ [process_health_2019_final.py:49]: Processing file: Chandigarh.xls
2026-01-01 15:39:44 [WARNING] __main__ [process_health_2019_final.py:112]: No rows found with 'Diarrhoea' and 'Inpatient' in Indicator for Chandigarh.xls
2026-01-01 15:39:44 [WARNING] __main__ [process_health_2019_final.py:244]: Failed to process Chandigarh.xls
2026-01-01 15:39:44 [INFO] __main__ [process_health_2019_final.py:49]: Processing file: Chhattisgarh.xls
2026-01-01 15:40:02 [WARNING] __main__ [process_health_2019_final.py:112]: No rows found with 'Diarrhoea' and 'Inpatient' in Indicator for Chhattisgarh.xls
2026-01-01 15:40:02 [WARNING] __main__ [process_health_2019_final.py:244]: Failed to process Chhattisgarh.xls
2026-01-01 15:40:02 [INFO] __main__ [process_health_2019_final.py:49]: Processing file: Dadra & Nagar Haveli.xls
2026-01-01 15:40:03 [WARNING] __main__ [process_health_2019_final.py:112]: No rows found with 'Diarrhoea' and 'Inpatient' in Indicator for Dadra & Nagar Haveli.xls
2026-01-01 15:40:03 [WARNING] __main__ [process_health_2019_final.py:244]: Failed to process Dadra & Nagar Haveli.xls
2026-01-01 15:40:03 [INFO] __main__ [process_health_2019_final.py:49]: Processing file: Daman & Diu.xls
2026-01-01 15:40:04 [WARNING] __main__ [process_health_2019_final.py:112]: No rows found with 'Diarrhoea' and 'Inpatient' in Indicator for Daman & Diu.xls
2026-01-01 15:40:04 [WARNING] __main__ [process_health_2019_final.py:244]: Failed to process Daman & Diu.xls
2026-01-01 15:40:04 [INFO] __main__ [process_health_2019_final.py:49]: Processing file: Delhi.xls
2026-01-01 15:40:11 [WARNING] __main__ [process_health_2019_final.py:112]: No rows found with 'Diarrhoea' and 'Inpatient' in Indicator for Delhi.xls
2026-01-01 15:40:11 [WARNING] __main__ [process_health_2019_final.py:244]: Failed to process Delhi.xls
2026-01-01 15:40:11 [INFO] __main__ [process_health_2019_final.py:49]: Processing file: Goa.xls
2026-01-01 15:40:13 [WARNING] __main__ [process_health_2019_final.py:112]: No rows found with 'Diarrhoea' and 'Inpatient' in Indicator for Goa.xls
2026-01-01 15:40:13 [WARNING] __main__ [process_health_2019_final.py:244]: Failed to process Goa.xls
2026-01-01 15:40:13 [INFO] __main__ [process_health_2019_final.py:49]: Processing file: Gujarat.xls
2026-01-01 18:31:50 [INFO] __main__ [process_health_2019_final.py:263]: Starting health data processing for 2019-2020 (Final Version)
2026-01-01 18:31:50 [INFO] __main__ [process_health_2019_final.py:273]: Using data directory: data\raw\health_2019_20
2026-01-01 18:31:50 [INFO] __main__ [process_health_2019_final.py:219]: Starting to process health data files from: data\raw\health_2019_20
2026-01-01 18:31:50 [INFO] __main__ [process_health_2019_final.py:228]: Found 39 .xls files
2026-01-01 18:31:50 [INFO] __main__ [process_health_2019_final.py:49]: Processing file: A & N Islands.xls
2026-01-01 18:31:52 [INFO] __main__ [process_health_2019_final.py:117]: Filtered to 15 rows with Diarrhoea data
2026-01-01 18:31:52 [INFO] __main__ [process_health_2019_final.py:200]:   Extracted 180 rows from A & N Islands.xls
2026-01-01 18:31:52 [INFO] __main__ [process_health_2019_final.py:238]: Skipping All_India.xls (aggregate file)
2026-01-01 18:31:52 [INFO] __main__ [process_health_2019_final.py:49]: Processing file: Andhra Pradesh.xls
2026-01-01 18:32:02 [INFO] __main__ [process_health_2019_final.py:117]: Filtered to 65 rows with Diarrhoea data
2026-01-01 18:32:02 [INFO] __main__ [process_health_2019_final.py:200]:   Extracted 780 rows from Andhra Pradesh.xls
2026-01-01 18:32:02 [INFO] __main__ [process_health_2019_final.py:49]: Processing file: Arunachal Pradesh.xls
2026-01-01 18:32:17 [INFO] __main__ [process_health_2019_final.py:117]: Filtered to 100 rows with Diarrhoea data
2026-01-01 18:32:17 [INFO] __main__ [process_health_2019_final.py:200]:   Extracted 1200 rows from Arunachal Pradesh.xls
2026-01-01 18:32:17 [INFO] __main__ [process_health_2019_final.py:49]: Processing file: Assam.xls
2026-01-01 18:32:37 [INFO] __main__ [process_health_2019_final.py:117]: Filtered to 135 rows with Diarrhoea data
2026-01-01 18:32:37 [INFO] __main__ [process_health_2019_final.py:200]:   Extracted 1620 rows from Assam.xls
2026-01-01 18:32:37 [INFO] __main__ [process_health_2019_final.py:49]: Processing file: Bihar.xls
2026-01-01 18:33:06 [INFO] __main__ [process_health_2019_final.py:117]: Filtered to 190 rows with Diarrhoea data
2026-01-01 18:33:06 [INFO] __main__ [process_health_2019_final.py:200]:   Extracted 2280 rows from Bihar.xls
2026-01-01 18:33:06 [INFO] __main__ [process_health_2019_final.py:49]: Processing file: Chandigarh.xls
2026-01-01 18:33:06 [INFO] __main__ [process_health_2019_final.py:117]: Filtered to 5 rows with Diarrhoea data
2026-01-01 18:33:06 [INFO] __main__ [process_health_2019_final.py:200]:   Extracted 60 rows from Chandigarh.xls
2026-01-01 18:33:06 [INFO] __main__ [process_health_2019_final.py:49]: Processing file: Chhattisgarh.xls
2026-01-01 18:33:26 [INFO] __main__ [process_health_2019_final.py:117]: Filtered to 135 rows with Diarrhoea data
2026-01-01 18:33:26 [INFO] __main__ [process_health_2019_final.py:200]:   Extracted 1620 rows from Chhattisgarh.xls
2026-01-01 18:33:26 [INFO] __main__ [process_health_2019_final.py:49]: Processing file: Dadra & Nagar Haveli.xls
2026-01-01 18:33:27 [INFO] __main__ [process_health_2019_final.py:117]: Filtered to 5 rows with Diarrhoea data
2026-01-01 18:33:27 [INFO] __main__ [process_health_2019_final.py:200]:   Extracted 60 rows from Dadra & Nagar Haveli.xls
2026-01-01 18:33:27 [INFO] __main__ [process_health_2019_final.py:49]: Processing file: Daman & Diu.xls
2026-01-01 18:33:28 [INFO] __main__ [process_health_2019_final.py:117]: Filtered to 10 rows with Diarrhoea data
2026-01-01 18:33:28 [INFO] __main__ [process_health_2019_final.py:200]:   Extracted 120 rows from Daman & Diu.xls
2026-01-01 18:33:28 [INFO] __main__ [process_health_2019_final.py:49]: Processing file: Delhi.xls
2026-01-01 18:33:36 [INFO] __main__ [process_health_2019_final.py:117]: Filtered to 55 rows with Diarrhoea data
2026-01-01 18:33:36 [INFO] __main__ [process_health_2019_final.py:200]:   Extracted 660 rows from Delhi.xls
2026-01-01 18:33:36 [INFO] __main__ [process_health_2019_final.py:49]: Processing file: Goa.xls
2026-01-01 18:33:38 [INFO] __main__ [process_health_2019_final.py:117]: Filtered to 10 rows with Diarrhoea data
2026-01-01 18:33:38 [INFO] __main__ [process_health_2019_final.py:200]:   Extracted 120 rows from Goa.xls
2026-01-01 18:33:38 [INFO] __main__ [process_health_2019_final.py:49]: Processing file: Gujarat.xls
2026-01-01 18:34:02 [INFO] __main__ [process_health_2019_final.py:117]: Filtered to 165 rows with Diarrhoea data
2026-01-01 18:34:02 [INFO] __main__ [process_health_2019_final.py:200]:   Extracted 1980 rows from Gujarat.xls
2026-01-01 18:34:02 [INFO] __main__ [process_health_2019_final.py:49]: Processing file: Haryana.xls
2026-01-01 18:34:18 [INFO] __main__ [process_health_2019_final.py:117]: Filtered to 110 rows with Diarrhoea data
2026-01-01 18:34:18 [INFO] __main__ [process_health_2019_final.py:200]:   Extracted 1320 rows from Haryana.xls
2026-01-01 18:34:18 [INFO] __main__ [process_health_2019_final.py:49]: Processing file: Himachal Pradesh.xls
2026-01-01 18:34:27 [INFO] __main__ [process_health_2019_final.py:117]: Filtered to 60 rows with Diarrhoea data
2026-01-01 18:34:27 [INFO] __main__ [process_health_2019_final.py:200]:   Extracted 720 rows from Himachal Pradesh.xls
2026-01-01 18:34:27 [INFO] __main__ [process_health_2019_final.py:49]: Processing file: Jammu & Kashmir.xls
2026-01-01 18:34:42 [INFO] __main__ [process_health_2019_final.py:117]: Filtered to 110 rows with Diarrhoea data
2026-01-01 18:34:42 [INFO] __main__ [process_health_2019_final.py:200]:   Extracted 1320 rows from Jammu & Kashmir.xls
2026-01-01 18:34:42 [INFO] __main__ [process_health_2019_final.py:49]: Processing file: Jharkhand.xls
2026-01-01 18:34:59 [INFO] __main__ [process_health_2019_final.py:117]: Filtered to 120 rows with Diarrhoea data
2026-01-01 18:34:59 [INFO] __main__ [process_health_2019_final.py:200]:   Extracted 1440 rows from Jharkhand.xls
2026-01-01 18:34:59 [INFO] __main__ [process_health_2019_final.py:49]: Processing file: Karnataka.xls
2026-01-01 18:35:20 [INFO] __main__ [process_health_2019_final.py:117]: Filtered to 150 rows with Diarrhoea data
2026-01-01 18:35:20 [INFO] __main__ [process_health_2019_final.py:200]:   Extracted 1800 rows from Karnataka.xls
2026-01-01 18:35:20 [INFO] __main__ [process_health_2019_final.py:49]: Processing file: Kerala.xls
2026-01-01 18:35:30 [INFO] __main__ [process_health_2019_final.py:117]: Filtered to 70 rows with Diarrhoea data
2026-01-01 18:35:30 [INFO] __main__ [process_health_2019_final.py:200]:   Extracted 840 rows from Kerala.xls
2026-01-01 18:35:30 [INFO] __main__ [process_health_2019_final.py:49]: Processing file: Lakshadweep.xls
2026-01-01 18:35:30 [INFO] __main__ [process_health_2019_final.py:117]: Filtered to 5 rows with Diarrhoea data
2026-01-01 18:35:30 [INFO] __main__ [process_health_2019_final.py:200]:   Extracted 60 rows from Lakshadweep.xls
2026-01-01 18:35:30 [INFO] __main__ [process_health_2019_final.py:49]: Processing file: M O Defence.xls
2026-01-01 18:35:30 [ERROR] __main__ [process_health_2019_final.py:64]: Failed to read M O Defence.xls as HTML: Missing optional dependency 'html5lib'.  Use pip or conda to install html5lib.
Traceback (most recent call last):
  File "c:\JMM\Project for Cursor\venv\Lib\site-packages\pandas\compat\_optional.py", line 135, in import_optional_dependency
    module = importlib.import_module(name)
  File "C:\Users\aditi\AppData\Local\Programs\Python\Python314\Lib\importlib\__init__.py", line 88, in import_module
    return _bootstrap._gcd_import(name[level:], package, level)
           ~~~~~~~~~~~~~~~~~~~~~~^^^^^^^^^^^^^^^^^^^^^^^^^^^^^^
  File "<frozen importlib._bootstrap>", line 1398, in _gcd_import
  File "<frozen importlib._bootstrap>", line 1371, in _find_and_load
  File "<frozen importlib._bootstrap>", line 1335, in _find_and_load_unlocked
ModuleNotFoundError: No module named 'html5lib'

During handling of the above exception, another exception occurred:

Traceback (most recent call last):
  File "C:\JMM\Project for Cursor\src\process_health_2019_final.py", line 53, in process_health_file_final
    html_tables = pd.read_html(str(file_path), header=[0, 1])
  File "c:\JMM\Project for Cursor\venv\Lib\site-packages\pandas\io\html.py", line 1240, in read_html
    return _parse(
        flavor=flavor,
    ...<16 lines>...
        storage_options=storage_options,
    )
  File "c:\JMM\Project for Cursor\venv\Lib\site-packages\pandas\io\html.py", line 971, in _parse
    parser = _parser_dispatch(flav)
  File "c:\JMM\Project for Cursor\venv\Lib\site-packages\pandas\io\html.py", line 915, in _parser_dispatch
    import_optional_dependency("html5lib")
    ~~~~~~~~~~~~~~~~~~~~~~~~~~^^^^^^^^^^^^
  File "c:\JMM\Project for Cursor\venv\Lib\site-packages\pandas\compat\_optional.py", line 138, in import_optional_dependency
    raise ImportError(msg)
ImportError: Missing optional dependency 'html5lib'.  Use pip or conda to install html5lib.
2026-01-01 18:35:31 [WARNING] __main__ [process_health_2019_final.py:248]: Failed to process M O Defence.xls
2026-01-01 18:35:31 [INFO] __main__ [process_health_2019_final.py:49]: Processing file: M O Railways.xls
2026-01-01 18:35:31 [ERROR] __main__ [process_health_2019_final.py:64]: Failed to read M O Railways.xls as HTML: Missing optional dependency 'html5lib'.  Use pip or conda to install html5lib.
Traceback (most recent call last):
  File "c:\JMM\Project for Cursor\venv\Lib\site-packages\pandas\compat\_optional.py", line 135, in import_optional_dependency
    module = importlib.import_module(name)
  File "C:\Users\aditi\AppData\Local\Programs\Python\Python314\Lib\importlib\__init__.py", line 88, in import_module
    return _bootstrap._gcd_import(name[level:], package, level)
           ~~~~~~~~~~~~~~~~~~~~~~^^^^^^^^^^^^^^^^^^^^^^^^^^^^^^
  File "<frozen importlib._bootstrap>", line 1398, in _gcd_import
  File "<frozen importlib._bootstrap>", line 1371, in _find_and_load
  File "<frozen importlib._bootstrap>", line 1335, in _find_and_load_unlocked
ModuleNotFoundError: No module named 'html5lib'

During handling of the above exception, another exception occurred:

Traceback (most recent call last):
  File "C:\JMM\Project for Cursor\src\process_health_2019_final.py", line 53, in process_health_file_final
    html_tables = pd.read_html(str(file_path), header=[0, 1])
  File "c:\JMM\Project for Cursor\venv\Lib\site-packages\pandas\io\html.py", line 1240, in read_html
    return _parse(
        flavor=flavor,
    ...<16 lines>...
        storage_options=storage_options,
    )
  File "c:\JMM\Project for Cursor\venv\Lib\site-packages\pandas\io\html.py", line 971, in _parse
    parser = _parser_dispatch(flav)
  File "c:\JMM\Project for Cursor\venv\Lib\site-packages\pandas\io\html.py", line 915, in _parser_dispatch
    import_optional_dependency("html5lib")
    ~~~~~~~~~~~~~~~~~~~~~~~~~~^^^^^^^^^^^^
  File "c:\JMM\Project for Cursor\venv\Lib\site-packages\pandas\compat\_optional.py", line 138, in import_optional_dependency
    raise ImportError(msg)
ImportError: Missing optional dependency 'html5lib'.  Use pip or conda to install html5lib.
2026-01-01 18:35:31 [WARNING] __main__ [process_health_2019_final.py:248]: Failed to process M O Railways.xls
2026-01-01 18:35:31 [INFO] __main__ [process_health_2019_final.py:49]: Processing file: Madhya Pradesh.xls
2026-01-01 18:36:07 [INFO] __main__ [process_health_2019_final.py:117]: Filtered to 255 rows with Diarrhoea data
2026-01-01 18:36:07 [INFO] __main__ [process_health_2019_final.py:200]:   Extracted 3060 rows from Madhya Pradesh.xls
2026-01-01 18:36:07 [INFO] __main__ [process_health_2019_final.py:49]: Processing file: Maharashtra.xls
2026-01-01 18:36:31 [INFO] __main__ [process_health_2019_final.py:117]: Filtered to 175 rows with Diarrhoea data
2026-01-01 18:36:31 [INFO] __main__ [process_health_2019_final.py:200]:   Extracted 2100 rows from Maharashtra.xls
2026-01-01 18:36:31 [INFO] __main__ [process_health_2019_final.py:49]: Processing file: Manipur.xls
2026-01-01 18:36:37 [INFO] __main__ [process_health_2019_final.py:117]: Filtered to 45 rows with Diarrhoea data
2026-01-01 18:36:38 [INFO] __main__ [process_health_2019_final.py:200]:   Extracted 540 rows from Manipur.xls
2026-01-01 18:36:38 [INFO] __main__ [process_health_2019_final.py:49]: Processing file: Meghalaya.xls
2026-01-01 18:36:46 [INFO] __main__ [process_health_2019_final.py:117]: Filtered to 55 rows with Diarrhoea data
2026-01-01 18:36:46 [INFO] __main__ [process_health_2019_final.py:200]:   Extracted 660 rows from Meghalaya.xls
2026-01-01 18:36:46 [INFO] __main__ [process_health_2019_final.py:49]: Processing file: Mizoram.xls
2026-01-01 18:36:52 [INFO] __main__ [process_health_2019_final.py:117]: Filtered to 45 rows with Diarrhoea data
2026-01-01 18:36:52 [INFO] __main__ [process_health_2019_final.py:200]:   Extracted 540 rows from Mizoram.xls
2026-01-01 18:36:52 [INFO] __main__ [process_health_2019_final.py:49]: Processing file: Nagaland.xls
2026-01-01 18:37:00 [INFO] __main__ [process_health_2019_final.py:117]: Filtered to 55 rows with Diarrhoea data
2026-01-01 18:37:00 [INFO] __main__ [process_health_2019_final.py:200]:   Extracted 660 rows from Nagaland.xls
2026-01-01 18:37:00 [INFO] __main__ [process_health_2019_final.py:49]: Processing file: Odisha.xls
2026-01-01 18:37:21 [INFO] __main__ [process_health_2019_final.py:117]: Filtered to 150 rows with Diarrhoea data
2026-01-01 18:37:21 [INFO] __main__ [process_health_2019_final.py:200]:   Extracted 1800 rows from Odisha.xls
2026-01-01 18:37:21 [INFO] __main__ [process_health_2019_final.py:49]: Processing file: Puducherry.xls
2026-01-01 18:37:24 [INFO] __main__ [process_health_2019_final.py:117]: Filtered to 20 rows with Diarrhoea data
2026-01-01 18:37:24 [INFO] __main__ [process_health_2019_final.py:200]:   Extracted 240 rows from Puducherry.xls
2026-01-01 18:37:24 [INFO] __main__ [process_health_2019_final.py:49]: Processing file: Punjab.xls
2026-01-01 18:37:39 [INFO] __main__ [process_health_2019_final.py:117]: Filtered to 110 rows with Diarrhoea data
2026-01-01 18:37:39 [INFO] __main__ [process_health_2019_final.py:200]:   Extracted 1320 rows from Punjab.xls
2026-01-01 18:37:39 [INFO] __main__ [process_health_2019_final.py:49]: Processing file: Rajasthan.xls
2026-01-01 18:38:01 [INFO] __main__ [process_health_2019_final.py:117]: Filtered to 165 rows with Diarrhoea data
2026-01-01 18:38:02 [INFO] __main__ [process_health_2019_final.py:200]:   Extracted 1980 rows from Rajasthan.xls
2026-01-01 18:38:02 [INFO] __main__ [process_health_2019_final.py:49]: Processing file: Sikkim.xls
2026-01-01 18:38:04 [INFO] __main__ [process_health_2019_final.py:117]: Filtered to 20 rows with Diarrhoea data
2026-01-01 18:38:04 [INFO] __main__ [process_health_2019_final.py:200]:   Extracted 240 rows from Sikkim.xls
2026-01-01 18:38:04 [INFO] __main__ [process_health_2019_final.py:49]: Processing file: Tamil Nadu.xls
2026-01-01 18:38:27 [INFO] __main__ [process_health_2019_final.py:117]: Filtered to 160 rows with Diarrhoea data
2026-01-01 18:38:27 [INFO] __main__ [process_health_2019_final.py:200]:   Extracted 1920 rows from Tamil Nadu.xls
2026-01-01 18:38:27 [INFO] __main__ [process_health_2019_final.py:49]: Processing file: Telangana.xls
2026-01-01 18:38:49 [INFO] __main__ [process_health_2019_final.py:117]: Filtered to 155 rows with Diarrhoea data
2026-01-01 18:38:49 [INFO] __main__ [process_health_2019_final.py:200]:   Extracted 1860 rows from Telangana.xls
2026-01-01 18:38:49 [INFO] __main__ [process_health_2019_final.py:49]: Processing file: Tripura.xls
2026-01-01 18:38:55 [INFO] __main__ [process_health_2019_final.py:117]: Filtered to 40 rows with Diarrhoea data
2026-01-01 18:38:55 [INFO] __main__ [process_health_2019_final.py:200]:   Extracted 480 rows from Tripura.xls
2026-01-01 18:38:55 [INFO] __main__ [process_health_2019_final.py:49]: Processing file: Uttar Pradesh.xls
2026-01-01 18:39:49 [INFO] __main__ [process_health_2019_final.py:117]: Filtered to 375 rows with Diarrhoea data
2026-01-01 18:39:49 [INFO] __main__ [process_health_2019_final.py:200]:   Extracted 4500 rows from Uttar Pradesh.xls
2026-01-01 18:39:49 [INFO] __main__ [process_health_2019_final.py:49]: Processing file: Uttarakhand.xls
2026-01-01 18:39:58 [INFO] __main__ [process_health_2019_final.py:117]: Filtered to 65 rows with Diarrhoea data
2026-01-01 18:39:58 [INFO] __main__ [process_health_2019_final.py:200]:   Extracted 780 rows from Uttarakhand.xls
2026-01-01 18:39:58 [INFO] __main__ [process_health_2019_final.py:49]: Processing file: West Bengal.xls
2026-01-01 18:40:14 [INFO] __main__ [process_health_2019_final.py:117]: Filtered to 115 rows with Diarrhoea data
2026-01-01 18:40:14 [INFO] __main__ [process_health_2019_final.py:200]:   Extracted 1380 rows from West Bengal.xls
2026-01-01 18:40:14 [INFO] __main__ [process_health_2019_final.py:253]: Successfully processed 36 files, 2 failed
2026-01-01 18:40:14 [INFO] __main__ [process_health_2019_final.py:254]: Combined dataset: 42240 rows, 6 columns
2026-01-01 18:40:14 [INFO] __main__ [process_health_2019_final.py:287]: Saved processed data to: C:\JMM\Project for Cursor\data\processed\health_2019_cleaned.csv
2026-01-01 18:40:14 [INFO] __main__ [process_health_2019_final.py:288]: Final dataset shape: (42240, 6)
2026-01-01 18:57:16 [INFO] __main__ [generate_synthetic_jjm.py:166]: Starting synthetic JJM data generation
2026-01-01 18:57:16 [INFO] __main__ [generate_synthetic_jjm.py:38]: Loading districts from: C:\JMM\Project for Cursor\data\processed\health_2019_cleaned.csv
2026-01-01 18:57:17 [INFO] __main__ [generate_synthetic_jjm.py:45]: Found 704 unique district-state combinations
2026-01-01 18:57:17 [INFO] __main__ [generate_synthetic_jjm.py:188]: Generating time series for 704 districts...
2026-01-01 18:57:17 [INFO] __main__ [generate_synthetic_jjm.py:221]: Generated 8448 rows of synthetic data
2026-01-01 18:57:17 [INFO] __main__ [generate_synthetic_jjm.py:222]: Coverage statistics:
2026-01-01 18:57:17 [INFO] __main__ [generate_synthetic_jjm.py:223]:   Mean: 38.17%
2026-01-01 18:57:17 [INFO] __main__ [generate_synthetic_jjm.py:224]:   Min: 10.13%
2026-01-01 18:57:17 [INFO] __main__ [generate_synthetic_jjm.py:225]:   Max: 93.24%
2026-01-01 18:57:17 [INFO] __main__ [generate_synthetic_jjm.py:230]: Saved synthetic data to: C:\JMM\Project for Cursor\data\raw\jjm_raw_2019.csv
2026-01-01 18:57:17 [INFO] __main__ [generate_synthetic_jjm.py:251]: Synthetic data generation completed successfully
2026-01-01 19:45:32 [INFO] __main__ [perform_merge_2019.py:224]: Starting merge operation for 2019-2020 data
2026-01-01 19:45:32 [INFO] __main__ [perform_merge_2019.py:33]: Loading water data from: C:\JMM\Project for Cursor\data\raw\jjm_raw_2019.csv
2026-01-01 19:45:32 [INFO] __main__ [perform_merge_2019.py:35]:  Water data loaded: 8,448 rows, 5 columns
2026-01-01 19:45:32 [INFO] __main__ [perform_merge_2019.py:53]: Loading health data from: C:\JMM\Project for Cursor\data\processed\health_2019_cleaned.csv
2026-01-01 19:45:32 [INFO] __main__ [perform_merge_2019.py:55]:  Health data loaded: 42,240 rows, 6 columns
2026-01-01 19:45:32 [INFO] __main__ [perform_merge_2019.py:63]:  Filtered for 'Inpatient': 42,240  8,448 rows
2026-01-01 19:45:32 [INFO] __main__ [perform_merge_2019.py:245]: Cleaning numeric columns...
2026-01-01 19:45:32 [INFO] __main__ [perform_merge_2019.py:117]: Creating district name mapping using fuzzy matching...
2026-01-01 19:45:32 [INFO] __main__ [perform_merge_2019.py:118]:   Water districts: 693
2026-01-01 19:45:32 [INFO] __main__ [perform_merge_2019.py:119]:   Health districts: 693
2026-01-01 19:45:34 [INFO] __main__ [perform_merge_2019.py:140]:    Created mapping for 693 districts
2026-01-01 19:45:34 [INFO] __main__ [perform_merge_2019.py:204]: Merging datasets...
2026-01-01 19:45:34 [INFO] __main__ [perform_merge_2019.py:205]:   Water data shape: (8448, 6)
2026-01-01 19:45:34 [INFO] __main__ [perform_merge_2019.py:206]:   Health data shape: (8448, 6)
2026-01-01 19:45:34 [INFO] __main__ [perform_merge_2019.py:217]:    Merge completed: 8,712 rows, 10 columns
2026-01-01 19:45:34 [INFO] __main__ [perform_merge_2019.py:295]: SUCCESS: Saved 8,712 rows to C:\JMM\Project for Cursor\data\processed\final_panel_2019.csv
2026-01-01 19:45:34 [INFO] __main__ [perform_merge_2019.py:315]: Merge operation completed successfully
2026-01-01 19:51:22 [INFO] __main__ [perform_merge_2019.py:224]: Starting merge operation for 2019-2020 data
2026-01-01 19:51:22 [INFO] __main__ [perform_merge_2019.py:33]: Loading water data from: C:\JMM\Project for Cursor\data\raw\jjm_raw_2019.csv
2026-01-01 19:51:22 [INFO] __main__ [perform_merge_2019.py:35]:  Water data loaded: 8,448 rows, 5 columns
2026-01-01 19:51:22 [INFO] __main__ [perform_merge_2019.py:53]: Loading health data from: C:\JMM\Project for Cursor\data\processed\health_2019_cleaned.csv
2026-01-01 19:51:22 [INFO] __main__ [perform_merge_2019.py:55]:  Health data loaded: 42,240 rows, 6 columns
2026-01-01 19:51:22 [INFO] __main__ [perform_merge_2019.py:63]:  Filtered for 'Inpatient': 42,240  8,448 rows
2026-01-01 19:51:22 [INFO] __main__ [perform_merge_2019.py:245]: Cleaning numeric columns...
2026-01-01 19:51:22 [INFO] __main__ [perform_merge_2019.py:117]: Creating district name mapping using fuzzy matching...
2026-01-01 19:51:22 [INFO] __main__ [perform_merge_2019.py:118]:   Water districts: 693
2026-01-01 19:51:22 [INFO] __main__ [perform_merge_2019.py:119]:   Health districts: 693
2026-01-01 19:51:23 [INFO] __main__ [perform_merge_2019.py:140]:    Created mapping for 693 districts
2026-01-01 19:51:23 [INFO] __main__ [perform_merge_2019.py:204]: Merging datasets...
2026-01-01 19:51:23 [INFO] __main__ [perform_merge_2019.py:205]:   Water data shape: (8448, 6)
2026-01-01 19:51:23 [INFO] __main__ [perform_merge_2019.py:206]:   Health data shape: (8448, 6)
2026-01-01 19:51:23 [INFO] __main__ [perform_merge_2019.py:217]:    Merge completed: 8,712 rows, 10 columns
2026-01-01 19:51:23 [INFO] __main__ [perform_merge_2019.py:295]: SUCCESS: Saved 8,712 rows to C:\JMM\Project for Cursor\data\processed\final_panel_2019.csv
2026-01-01 19:51:23 [INFO] __main__ [perform_merge_2019.py:315]: Merge operation completed successfully
